#-----------------------------------------------------------
# Vivado v2024.2 (64-bit)
# SW Build 5239630 on Fri Nov 08 22:35:27 MST 2024
# IP Build 5239520 on Sun Nov 10 16:12:51 MST 2024
# SharedData Build 5239561 on Fri Nov 08 14:39:27 MST 2024
# Start of session at: Fri Jul 17 19:25:07 2026
# Process ID         : 12032
# Current directory  : C:/TDM_0704/TDM_0704/adc_packetizer/adc_packetizer/hls/impl/ip
# Command line       : vivado.exe -notrace -mode batch -source run_ippack.tcl
# Log file           : C:/TDM_0704/TDM_0704/adc_packetizer/adc_packetizer/hls/impl/ip/vivado.log
# Journal file       : C:/TDM_0704/TDM_0704/adc_packetizer/adc_packetizer/hls/impl/ip\vivado.jou
# Running On         : JohnsonKu
# Platform           : Windows Server 2016 or Windows 10
# Operating System   : 26200
# Processor Detail   : Intel(R) Core(TM) i7-8550U CPU @ 1.80GHz
# CPU Frequency      : 1992 MHz
# CPU Physical cores : 4
# CPU Logical cores  : 8
# Host memory        : 34169 MB
# Swap memory        : 2147 MB
# Total Virtual      : 36316 MB
# Available Virtual  : 17384 MB
#-----------------------------------------------------------
source run_ippack.tcl -notrace
INFO: calling package_hls_ip ip_types=vitis sysgen json_file=C:/TDM_0704/TDM_0704/adc_packetizer/adc_packetizer/hls/hls_data.json outdir=C:/TDM_0704/TDM_0704/adc_packetizer/adc_packetizer/hls/impl/ip srcdir=C:/TDM_0704/TDM_0704/adc_packetizer/adc_packetizer/hls sort_interfaces_ports=false
INFO: Copied 1 ipmisc file(s) to C:/TDM_0704/TDM_0704/adc_packetizer/adc_packetizer/hls/impl/ip/misc
INFO: Copied 4 verilog file(s) to C:/TDM_0704/TDM_0704/adc_packetizer/adc_packetizer/hls/impl/ip/hdl/verilog
INFO: Copied 2 vhdl file(s) to C:/TDM_0704/TDM_0704/adc_packetizer/adc_packetizer/hls/impl/ip/hdl/vhdl
ipx::create_core: Time (s): cpu = 00:00:08 ; elapsed = 00:00:09 . Memory (MB): peak = 452.863 ; gain = 116.488
INFO: Import ports from HDL: C:/TDM_0704/TDM_0704/adc_packetizer/adc_packetizer/hls/impl/ip/hdl/vhdl/adc_packetizer.vhd (adc_packetizer)
INFO: Add clock interface ap_clk
INFO: Add reset interface ap_rst_n
INFO: Add axi4stream interface s_axis_adc
INFO: Add axi4stream interface m_axis_dma
INFO: [IP_Flow 19-234] Refreshing IP repositories
INFO: [IP_Flow 19-1704] No user IP repositories specified
INFO: [IP_Flow 19-2313] Loaded Vivado IP repository 'C:/Xilinx/Vivado/2024.2/data/ip'.
INFO: Calling post_process_vitis to specialize IP
INFO: Calling post_process_sysgen to specialize IP
Generating sysgen info xml from json file
INFO: Created IP C:/TDM_0704/TDM_0704/adc_packetizer/adc_packetizer/hls/impl/ip/component.xml
INFO: Created IP archive C:/TDM_0704/TDM_0704/adc_packetizer/adc_packetizer/hls/impl/ip/xilinx_com_hls_adc_packetizer_1_0.zip
INFO: [Common 17-206] Exiting Vivado at Fri Jul 17 19:25:24 2026...
