

================================================================
== Vitis HLS Report for 'adc_packetizer'
================================================================
* Date:           Fri Jul 17 19:24:16 2026

* Version:        2024.2 (Build 5238294 on Nov  8 2024)
* Project:        adc_packetizer
* Solution:       hls (Vivado IP Flow Target)
* Product family: zynquplusRFSOC
* Target device:  xczu48dr-fsvg1517-2-e


================================================================
== Performance Estimates
================================================================
+ Timing: 
    * Summary: 
    +--------+----------+----------+------------+
    |  Clock |  Target  | Estimated| Uncertainty|
    +--------+----------+----------+------------+
    |ap_clk  |  10.00 ns|  1.306 ns|     2.70 ns|
    +--------+----------+----------+------------+

+ Latency: 
    * Summary: 
    +---------+---------+-----------+-----------+-----+-----+---------+
    |  Latency (cycles) |   Latency (absolute)  |  Interval | Pipeline|
    |   min   |   max   |    min    |    max    | min | max |   Type  |
    +---------+---------+-----------+-----------+-----+-----+---------+
    |        1|        1|  10.000 ns|  10.000 ns|    1|    1|      yes|
    +---------+---------+-----------+-----------+-----+-----+---------+

    + Detail: 
        * Instance: 
        N/A

        * Loop: 
        N/A

============================================================
+ Verbose Summary: Synthesis Manager
============================================================
InlineROM: 1
ExposeGlobal: 0
============================================================
+ Verbose Summary: CDFG Model
============================================================
IsTopModel: 1
ResetActiveHigh: 1
IsCombinational: 0
IsDatapathOnly: 0
HasWiredReturn: 1
HasMFsm: 2
HasVarLatency: 0
IsPipeline: 1
IsRtlPipelined: 1
IsInstanceOverlapped: 0
IsDontTouch: 0
HasImplIP: 0
IsGatedGlobalClock: 0

+ Individual pipeline summary: 
  * Pipeline-0: initiation interval (II) = 1, depth = 2


============================================================
+ Verbose Summary: Schedule
============================================================
* Number of FSM states : 2
* Pipeline : 1
  Pipeline-0 : II = 1, D = 2, States = { 1 2 }
* Dataflow Pipeline: 0

* FSM state transitions: 
1 --> 2 
2 --> 

* FSM state operations: 

State 1 <SV = 0> <Delay = 1.30>
ST_1 : Operation 3 [1/1] (0.07ns)   --->   "%sample = read i16 @_ssdm_op_Read.axis.volatile.i16P128A, i16 %s_axis_adc" [adc_packetizer.cpp:27]   --->   Operation 3 'read' 'sample' <Predicate = true> <Delay = 0.07> <CoreInst = "regslice">   --->   Core 147 'regslice' <Latency = 0> <II = 1> <Delay = 0.59> <Adapter> <Opcode : 'read' 'write'>
ST_1 : Operation 4 [1/1] (0.00ns)   --->   "%zext_ln31 = zext i16 %sample" [adc_packetizer.cpp:31]   --->   Operation 4 'zext' 'zext_ln31' <Predicate = true> <Delay = 0.00>
ST_1 : Operation 5 [1/1] (0.00ns)   --->   "%sample_count_load = load i12 %sample_count" [adc_packetizer.cpp:34]   --->   Operation 5 'load' 'sample_count_load' <Predicate = true> <Delay = 0.00>
ST_1 : Operation 6 [1/1] (0.80ns)   --->   "%out_word_last = icmp_eq  i12 %sample_count_load, i12 4095" [adc_packetizer.cpp:34]   --->   Operation 6 'icmp' 'out_word_last' <Predicate = true> <Delay = 0.80> <CoreInst = "Cmp">   --->   Core 9 'Cmp' <Latency = 0> <II = 1> <Delay = 0.80> <FuncUnit> <Opcode : 'seteq' 'setne' 'setle' 'setge' 'setlt' 'setgt'> <InPorts = 2> <OutPorts = 1>
ST_1 : Operation 7 [2/2] (0.49ns)   --->   "%write_ln36 = write void @_ssdm_op_Write.axis.volatile.i32P0A.i4P0A.i4P0A.i1P0A, i32 %m_axis_dma_V_data_V, i4 %m_axis_dma_V_keep_V, i4 %m_axis_dma_V_strb_V, i1 %m_axis_dma_V_last_V, i32 %zext_ln31, i4 15, i4 15, i1 %out_word_last" [adc_packetizer.cpp:36]   --->   Operation 7 'write' 'write_ln36' <Predicate = true> <Delay = 0.49> <CoreInst = "regslice">   --->   Core 147 'regslice' <Latency = 0> <II = 1> <Delay = 0.65> <Adapter> <Opcode : 'read' 'write'>
ST_1 : Operation 8 [1/1] (0.80ns)   --->   "%add_ln41 = add i12 %sample_count_load, i12 1" [adc_packetizer.cpp:41]   --->   Operation 8 'add' 'add_ln41' <Predicate = true> <Delay = 0.80> <CoreInst = "Adder">   --->   Core 1 'Adder' <Latency = 0> <II = 1> <Delay = 0.80> <FuncUnit> <Opcode : 'add' 'sub'> <InPorts = 2> <OutPorts = 1>
ST_1 : Operation 9 [1/1] (0.00ns)   --->   "%store_ln41 = store i12 %add_ln41, i12 %sample_count" [adc_packetizer.cpp:41]   --->   Operation 9 'store' 'store_ln41' <Predicate = true> <Delay = 0.00>

State 2 <SV = 1> <Delay = 0.49>
ST_2 : Operation 10 [1/1] (0.00ns)   --->   "%specpipeline_ln23 = specpipeline void @_ssdm_op_SpecPipeline, i32 1, i32 0, i32 0, i32 0, void @empty_1" [adc_packetizer.cpp:23]   --->   Operation 10 'specpipeline' 'specpipeline_ln23' <Predicate = true> <Delay = 0.00>
ST_2 : Operation 11 [1/1] (0.00ns)   --->   "%spectopmodule_ln15 = spectopmodule void @_ssdm_op_SpecTopModule, void @empty_3" [adc_packetizer.cpp:15]   --->   Operation 11 'spectopmodule' 'spectopmodule_ln15' <Predicate = true> <Delay = 0.00>
ST_2 : Operation 12 [1/1] (0.00ns)   --->   "%specinterface_ln15 = specinterface void @_ssdm_op_SpecInterface, i32 0, void @empty_4, i32 0, i32 0, void @empty_1, i32 0, i32 0, void @empty_1, void @empty_1, void @empty_1, i32 0, i32 0, i32 0, i32 0, void @empty_1, void @empty_1, i32 4294967295, i32 0, i32 0" [adc_packetizer.cpp:15]   --->   Operation 12 'specinterface' 'specinterface_ln15' <Predicate = true> <Delay = 0.00>
ST_2 : Operation 13 [1/1] (0.00ns)   --->   "%specinterface_ln0 = specinterface void @_ssdm_op_SpecInterface, i16 %s_axis_adc, void @empty, i32 1, i32 1, void @empty_0, i32 0, i32 0, void @empty_1, void @empty_1, void @empty_1, i32 0, i32 0, i32 0, i32 0, void @empty_1, void @empty_1, i32 4294967295, i32 0, i32 0"   --->   Operation 13 'specinterface' 'specinterface_ln0' <Predicate = true> <Delay = 0.00>
ST_2 : Operation 14 [1/1] (0.00ns)   --->   "%specbitsmap_ln0 = specbitsmap void @_ssdm_op_SpecBitsMap, i16 %s_axis_adc"   --->   Operation 14 'specbitsmap' 'specbitsmap_ln0' <Predicate = true> <Delay = 0.00>
ST_2 : Operation 15 [1/1] (0.00ns)   --->   "%specinterface_ln0 = specinterface void @_ssdm_op_SpecInterface, i32 %m_axis_dma_V_data_V, i4 %m_axis_dma_V_keep_V, i4 %m_axis_dma_V_strb_V, i1 %m_axis_dma_V_last_V, void @empty, i32 1, i32 1, void @empty_0, i32 0, i32 0, void @empty_1, void @empty_1, void @empty_1, i32 0, i32 0, i32 0, i32 0, void @empty_1, void @empty_1, i32 4294967295, i32 0, i32 0"   --->   Operation 15 'specinterface' 'specinterface_ln0' <Predicate = true> <Delay = 0.00>
ST_2 : Operation 16 [1/1] (0.00ns)   --->   "%specbitsmap_ln0 = specbitsmap void @_ssdm_op_SpecBitsMap, i32 %m_axis_dma_V_data_V"   --->   Operation 16 'specbitsmap' 'specbitsmap_ln0' <Predicate = true> <Delay = 0.00>
ST_2 : Operation 17 [1/1] (0.00ns)   --->   "%specbitsmap_ln0 = specbitsmap void @_ssdm_op_SpecBitsMap, i4 %m_axis_dma_V_keep_V"   --->   Operation 17 'specbitsmap' 'specbitsmap_ln0' <Predicate = true> <Delay = 0.00>
ST_2 : Operation 18 [1/1] (0.00ns)   --->   "%specbitsmap_ln0 = specbitsmap void @_ssdm_op_SpecBitsMap, i4 %m_axis_dma_V_strb_V"   --->   Operation 18 'specbitsmap' 'specbitsmap_ln0' <Predicate = true> <Delay = 0.00>
ST_2 : Operation 19 [1/1] (0.00ns)   --->   "%specbitsmap_ln0 = specbitsmap void @_ssdm_op_SpecBitsMap, i1 %m_axis_dma_V_last_V"   --->   Operation 19 'specbitsmap' 'specbitsmap_ln0' <Predicate = true> <Delay = 0.00>
ST_2 : Operation 20 [1/2] (0.49ns)   --->   "%write_ln36 = write void @_ssdm_op_Write.axis.volatile.i32P0A.i4P0A.i4P0A.i1P0A, i32 %m_axis_dma_V_data_V, i4 %m_axis_dma_V_keep_V, i4 %m_axis_dma_V_strb_V, i1 %m_axis_dma_V_last_V, i32 %zext_ln31, i4 15, i4 15, i1 %out_word_last" [adc_packetizer.cpp:36]   --->   Operation 20 'write' 'write_ln36' <Predicate = true> <Delay = 0.49> <CoreInst = "regslice">   --->   Core 147 'regslice' <Latency = 0> <II = 1> <Delay = 0.65> <Adapter> <Opcode : 'read' 'write'>
ST_2 : Operation 21 [1/1] (0.00ns)   --->   "%specaxissidechannel_ln43 = specaxissidechannel void @_ssdm_op_SpecAXISSideChannel, i32 %m_axis_dma_V_data_V, i4 %m_axis_dma_V_keep_V, i4 %m_axis_dma_V_strb_V, i1 0, i1 %m_axis_dma_V_last_V, i1 0, i1 0, void @empty_2" [adc_packetizer.cpp:43]   --->   Operation 21 'specaxissidechannel' 'specaxissidechannel_ln43' <Predicate = true> <Delay = 0.00>
ST_2 : Operation 22 [1/1] (0.00ns)   --->   "%ret_ln43 = ret" [adc_packetizer.cpp:43]   --->   Operation 22 'ret' 'ret_ln43' <Predicate = true> <Delay = 0.00>


============================================================
+ Verbose Summary: Timing violations
============================================================
Target clock period: 10.000ns, clock uncertainty: 2.700ns.

 <State 1>: 1.306ns
The critical path consists of the following:
	'load' operation 12 bit ('sample_count_load', adc_packetizer.cpp:34) on static variable 'sample_count' [19]  (0.000 ns)
	'icmp' operation 1 bit ('out_word.last', adc_packetizer.cpp:34) [20]  (0.809 ns)
	axis write operation ('write_ln36', adc_packetizer.cpp:36) on port 'm_axis_dma_V_data_V' (adc_packetizer.cpp:36) [21]  (0.497 ns)

 <State 2>: 0.497ns
The critical path consists of the following:
	axis write operation ('write_ln36', adc_packetizer.cpp:36) on port 'm_axis_dma_V_data_V' (adc_packetizer.cpp:36) [21]  (0.497 ns)


============================================================
+ Verbose Summary: Binding
============================================================
N/A
* FSMD analyzer results:
  - Output states:
 - Input state : 
  - Chain level:
	State 1
	State 2


============================================================
+ Verbose Summary: Datapath Resource usage 
============================================================
N/A
