Copyright 1986-2022 Xilinx, Inc. All Rights Reserved. Copyright 2022-2024 Advanced Micro Devices, Inc. All Rights Reserved.
----------------------------------------------------------------------------------------------------------------------------------------------------------------------
| Tool Version     : Vivado v.2024.2 (win64) Build 5239630 Fri Nov 08 22:35:27 MST 2024
| Date             : Wed Jul  8 20:49:43 2026
| Host             : JohnsonKu running 64-bit major release  (build 9200)
| Command          : report_power -file design_1_wrapper_power_routed.rpt -pb design_1_wrapper_power_summary_routed.pb -rpx design_1_wrapper_power_routed.rpx
| Design           : design_1_wrapper
| Device           : xczu48dr-fsvg1517-2-e
| Design State     : routed
| Grade            : extended
| Process          : typical
| Characterization : Production
----------------------------------------------------------------------------------------------------------------------------------------------------------------------

Power Report

Table of Contents
-----------------
1. Summary
1.1 On-Chip Components
1.2 Power Supply Summary
1.3 Confidence Level
2. Settings
2.1 Environment
2.2 Clock Constraints
3. Detailed Reports
3.1 By Hierarchy

1. Summary
----------

+--------------------------+--------------+
| Total On-Chip Power (W)  | 3.644        |
| Design Power Budget (W)  | Unspecified* |
| Power Budget Margin (W)  | NA           |
| Dynamic (W)              | 2.378        |
| Device Static (W)        | 1.266        |
| Effective TJA (C/W)      | 0.8          |
| Max Ambient (C)          | 97.1         |
| Junction Temperature (C) | 27.9         |
| Confidence Level         | Medium       |
| Setting File             | ---          |
| Simulation Activity File | ---          |
| Design Nets Matched      | NA           |
+--------------------------+--------------+
* Specify Design Power Budget using, set_operating_conditions -design_power_budget <value in Watts>


1.1 On-Chip Components
----------------------

+--------------------------+-----------+----------+-----------+-----------------+
| On-Chip                  | Power (W) | Used     | Available | Utilization (%) |
+--------------------------+-----------+----------+-----------+-----------------+
| Clocks                   |     0.034 |        4 |       --- |             --- |
| CLB Logic                |     0.032 |    26931 |       --- |             --- |
|   LUT as Distributed RAM |     0.020 |      610 |    213600 |            0.29 |
|   LUT as Logic           |     0.009 |     7179 |    425280 |            1.69 |
|   LUT as Shift Register  |     0.002 |      753 |    213600 |            0.35 |
|   Register               |     0.001 |    13754 |    850560 |            1.62 |
|   CARRY8                 |    <0.001 |      116 |     53160 |            0.22 |
|   Others                 |     0.000 |     1424 |       --- |             --- |
|   F7/F8 Muxes            |     0.000 |       12 |    425280 |           <0.01 |
| Signals                  |     0.015 |    19551 |       --- |             --- |
| Block RAM                |     0.040 |       46 |      1080 |            4.26 |
| DSPs                     |    <0.001 |        1 |      4272 |            0.02 |
| PS8                      |     2.257 |        1 |       --- |             --- |
| Static Power             |     1.266 |          |           |                 |
|   PS Static              |     0.097 |          |           |                 |
|   PL Static              |     1.169 |          |           |                 |
| Total                    |     3.644 |          |           |                 |
+--------------------------+-----------+----------+-----------+-----------------+


1.2 Power Supply Summary
------------------------

+-----------------+-------------+-----------+-------------+------------+-------------+-------------+------------+
| Source          | Voltage (V) | Total (A) | Dynamic (A) | Static (A) | Powerup (A) | Budget (A)  | Margin (A) |
+-----------------+-------------+-----------+-------------+------------+-------------+-------------+------------+
| Vccint          |       0.850 |     0.433 |       0.136 |      0.297 |       NA    | Unspecified | NA         |
| Vccint_io       |       0.850 |     0.071 |       0.000 |      0.071 |       NA    | Unspecified | NA         |
| Vccbram         |       0.850 |     0.011 |       0.007 |      0.004 |       NA    | Unspecified | NA         |
| Vccaux          |       1.800 |     0.280 |       0.000 |      0.280 |       NA    | Unspecified | NA         |
| Vccaux_io       |       1.800 |     0.058 |       0.000 |      0.058 |       NA    | Unspecified | NA         |
| Vcco33          |       3.300 |     0.000 |       0.000 |      0.000 |       NA    | Unspecified | NA         |
| Vcco25          |       2.500 |     0.000 |       0.000 |      0.000 |       NA    | Unspecified | NA         |
| Vcco18          |       1.800 |     0.000 |       0.000 |      0.000 |       NA    | Unspecified | NA         |
| Vcco15          |       1.500 |     0.000 |       0.000 |      0.000 |       NA    | Unspecified | NA         |
| Vcco135         |       1.350 |     0.000 |       0.000 |      0.000 |       NA    | Unspecified | NA         |
| Vcco12          |       1.200 |     0.000 |       0.000 |      0.000 |       NA    | Unspecified | NA         |
| Vcco10          |       1.000 |     0.000 |       0.000 |      0.000 |       NA    | Unspecified | NA         |
| Vccadc          |       1.800 |     0.008 |       0.000 |      0.008 |       NA    | Unspecified | NA         |
| VCC_PSINTFP     |       0.850 |     0.626 |       0.593 |      0.033 |       NA    | Unspecified | NA         |
| VCC_PSINTLP     |       0.850 |     0.250 |       0.243 |      0.007 |       NA    | Unspecified | NA         |
| VPS_MGTRAVCC    |       0.850 |     0.139 |       0.138 |      0.001 |       NA    | Unspecified | NA         |
| VCC_PSINTFP_DDR |       0.850 |     0.718 |       0.714 |      0.004 |       NA    | Unspecified | NA         |
| VCC_PSPLL       |       1.200 |     0.075 |       0.073 |      0.002 |       NA    | Unspecified | NA         |
| VPS_MGTRAVTT    |       1.800 |     0.018 |       0.017 |      0.001 |       NA    | Unspecified | NA         |
| VCCO_PSDDR_504  |       1.200 |     0.620 |       0.586 |      0.034 |       NA    | Unspecified | NA         |
| VCC_PSAUX       |       1.800 |     0.002 |       0.000 |      0.002 |       NA    | Unspecified | NA         |
| VCC_PSBATT      |       1.200 |     0.000 |       0.000 |      0.000 |       NA    | Unspecified | NA         |
| VCC_PSDDR_PLL   |       1.800 |     0.001 |       0.000 |      0.001 |       NA    | Unspecified | NA         |
| VCCO_PSIO0_500  |       1.800 |     0.001 |       0.000 |      0.001 |       NA    | Unspecified | NA         |
| VCCO_PSIO1_501  |       1.800 |     0.001 |       0.000 |      0.001 |       NA    | Unspecified | NA         |
| VCCO_PSIO2_502  |       1.800 |     0.001 |       0.000 |      0.001 |       NA    | Unspecified | NA         |
| VCCO_PSIO3_503  |       3.300 |     0.001 |       0.000 |      0.001 |       NA    | Unspecified | NA         |
| VCC_PSADC       |       1.800 |     0.002 |       0.000 |      0.002 |       NA    | Unspecified | NA         |
| VCCINT_AMS      |       0.850 |     0.024 |       0.000 |      0.024 |       NA    | Unspecified | NA         |
| DACAVCC         |       0.925 |     0.010 |       0.000 |      0.010 |       NA    | Unspecified | NA         |
| DACAVCCAUX      |       1.800 |     0.001 |       0.000 |      0.001 |       NA    | Unspecified | NA         |
| DACAVTT         |       2.500 |     0.010 |       0.000 |      0.010 |       NA    | Unspecified | NA         |
| ADCAVCC         |       0.925 |     0.111 |       0.000 |      0.111 |       NA    | Unspecified | NA         |
| ADCAVCCAUX      |       1.800 |     0.027 |       0.000 |      0.027 |       NA    | Unspecified | NA         |
| VCCSDFEC        |       0.850 |     0.029 |       0.000 |      0.029 |       NA    | Unspecified | NA         |
| MGTYAVcc        |       0.900 |     0.000 |       0.000 |      0.000 |       NA    | Unspecified | NA         |
| MGTYAVtt        |       1.200 |     0.000 |       0.000 |      0.000 |       NA    | Unspecified | NA         |
| MGTYVccaux      |       1.800 |     0.000 |       0.000 |      0.000 |       NA    | Unspecified | NA         |
+-----------------+-------------+-----------+-------------+------------+-------------+-------------+------------+


1.3 Confidence Level
--------------------

+-----------------------------+------------+------------------------------------------------+------------------------------------------------------------------------------------------------------------+
| User Input Data             | Confidence | Details                                        | Action                                                                                                     |
+-----------------------------+------------+------------------------------------------------+------------------------------------------------------------------------------------------------------------+
| Design implementation state | High       | Design is routed                               |                                                                                                            |
| Clock nodes activity        | High       | User specified more than 95% of clocks         |                                                                                                            |
| I/O nodes activity          | High       | User specified more than 95% of inputs         |                                                                                                            |
| Internal nodes activity     | Medium     | User specified less than 25% of internal nodes | Provide missing internal nodes activity with simulation results or by editing the "By Resource Type" views |
| Device models               | High       | Device models are Production                   |                                                                                                            |
|                             |            |                                                |                                                                                                            |
| Overall confidence level    | Medium     |                                                |                                                                                                            |
+-----------------------------+------------+------------------------------------------------+------------------------------------------------------------------------------------------------------------+


2. Settings
-----------

2.1 Environment
---------------

+-----------------------+--------------------------+
| Ambient Temp (C)      | 25.0                     |
| ThetaJA (C/W)         | 0.8                      |
| Airflow (LFM)         | 250                      |
| Heat Sink             | medium (Medium Profile)  |
| ThetaSA (C/W)         | 1.2                      |
| Board Selection       | medium (10"x10")         |
| # of Board Layers     | 12to15 (12 to 15 Layers) |
| Board Temperature (C) | 25.0                     |
+-----------------------+--------------------------+


2.2 Clock Constraints
---------------------

+-----------------------------------------------------------------------------------------------------+--------------------------------------------------------------------+-----------------+
| Clock                                                                                               | Domain                                                             | Constraint (ns) |
+-----------------------------------------------------------------------------------------------------+--------------------------------------------------------------------+-----------------+
| clk_pl_0                                                                                            | design_1_i/zynq_ultra_ps_e_0/inst/pl_clk_unbuffered[0]             |            10.0 |
| dbg_hub/inst/BSCANID.u_xsdbm_id/SWITCH_N_EXT_BSCAN.bscan_inst/SERIES7_BSCAN.bscan_inst/INTERNAL_TCK | dbg_hub/inst/BSCANID.u_xsdbm_id/SWITCH_N_EXT_BSCAN.bscan_inst/DRCK |            50.0 |
+-----------------------------------------------------------------------------------------------------+--------------------------------------------------------------------+-----------------+


3. Detailed Reports
-------------------

3.1 By Hierarchy
----------------

+--------------------------+-----------+
| Name                     | Power (W) |
+--------------------------+-----------+
| design_1_wrapper         |     2.378 |
|   dbg_hub                |     0.002 |
|     inst                 |     0.002 |
|       BSCANID.u_xsdbm_id |     0.002 |
|   design_1_i             |     2.375 |
|     axi_dma_0            |     0.007 |
|       U0                 |     0.007 |
|     axi_smc              |     0.006 |
|       inst               |     0.006 |
|     axi_smc_1            |     0.042 |
|       inst               |     0.042 |
|     axis_data_fifo_0     |     0.003 |
|       inst               |     0.003 |
|     axis_data_fifo_1     |     0.001 |
|       inst               |     0.001 |
|     ila_0                |     0.015 |
|       inst               |     0.015 |
|     system_ila_0         |     0.032 |
|       inst               |     0.032 |
|     system_ila_1         |     0.010 |
|       inst               |     0.010 |
|     zynq_ultra_ps_e_0    |     2.258 |
|       inst               |     2.258 |
+--------------------------+-----------+


