  **** HLS Build v2024.2 5238294
INFO: [HLS 200-2005] Using work_dir C:/TDM_0704/TDM_0704/iq_to_real/iq_to_real 
INFO: [HLS 200-1505] Using default flow_target 'vivado'
Resolution: For help on HLS 200-1505 see docs.xilinx.com/access/sources/dita/topic?Doc_Version=2024.2%20English&url=ug1448-hls-guidance&resourceid=200-1505.html
INFO: [HLS 200-1465] Applying ini 'syn.file=iq_to_real.cpp' from C:/TDM_0704/TDM_0704/iq_to_real/hls_config.cfg(9)
INFO: [HLS 200-10] Adding design file 'C:/TDM_0704/TDM_0704/iq_to_real/iq_to_real.cpp' to the project
INFO: [HLS 200-1465] Applying ini 'syn.top=iq_to_real' from C:/TDM_0704/TDM_0704/iq_to_real/hls_config.cfg(7)
INFO: [HLS 200-1465] Applying ini 'flow_target=vivado' from C:/TDM_0704/TDM_0704/iq_to_real/hls_config.cfg(4)
INFO: [HLS 200-1505] Using flow_target 'vivado'
Resolution: For help on HLS 200-1505 see docs.xilinx.com/access/sources/dita/topic?Doc_Version=2024.2%20English&url=ug1448-hls-guidance&resourceid=200-1505.html
INFO: [HLS 200-1465] Applying ini 'part=xczu48dr-fsvg1517-2-e' from C:/TDM_0704/TDM_0704/iq_to_real/hls_config.cfg(1)
INFO: [HLS 200-1611] Setting target device to 'xczu48dr-fsvg1517-2-e'
INFO: [HLS 200-1465] Applying ini 'clock=10ns' from C:/TDM_0704/TDM_0704/iq_to_real/hls_config.cfg(8)
INFO: [SYN 201-201] Setting up clock 'default' with a period of 10ns.
INFO: [HLS 200-1465] Applying ini 'package.output.format=ip_catalog' from C:/TDM_0704/TDM_0704/iq_to_real/hls_config.cfg(5)
INFO: [HLS 200-111] Finished File checks and directory preparation: CPU user time: 6 seconds. CPU system time: 2 seconds. Elapsed time: 12.366 seconds; current allocated memory: 271.488 MB.
INFO: [HLS 200-10] Analyzing design file 'iq_to_real.cpp' ... 
INFO: [HLS 200-111] Finished Source Code Analysis and Preprocessing: CPU user time: 0 seconds. CPU system time: 0 seconds. Elapsed time: 8.807 seconds; current allocated memory: 274.309 MB.
INFO: [HLS 200-777] Using interface defaults for 'Vivado' flow target.
INFO: [HLS 200-1995] There were 117 instructions in the design after the 'Compile/Link' phase of compilation. See the Design Size Report for more details: C:/TDM_0704/TDM_0704/iq_to_real/iq_to_real/hls/syn/report/csynth_design_size.rpt
INFO: [HLS 200-1995] There were 17 instructions in the design after the 'Unroll/Inline (step 1)' phase of compilation. See the Design Size Report for more details: C:/TDM_0704/TDM_0704/iq_to_real/iq_to_real/hls/syn/report/csynth_design_size.rpt
INFO: [HLS 200-1995] There were 17 instructions in the design after the 'Unroll/Inline (step 2)' phase of compilation. See the Design Size Report for more details: C:/TDM_0704/TDM_0704/iq_to_real/iq_to_real/hls/syn/report/csynth_design_size.rpt
INFO: [HLS 200-1995] There were 17 instructions in the design after the 'Unroll/Inline (step 3)' phase of compilation. See the Design Size Report for more details: C:/TDM_0704/TDM_0704/iq_to_real/iq_to_real/hls/syn/report/csynth_design_size.rpt
INFO: [HLS 200-1995] There were 17 instructions in the design after the 'Unroll/Inline (step 4)' phase of compilation. See the Design Size Report for more details: C:/TDM_0704/TDM_0704/iq_to_real/iq_to_real/hls/syn/report/csynth_design_size.rpt
INFO: [HLS 200-1995] There were 17 instructions in the design after the 'Array/Struct (step 1)' phase of compilation. See the Design Size Report for more details: C:/TDM_0704/TDM_0704/iq_to_real/iq_to_real/hls/syn/report/csynth_design_size.rpt
INFO: [HLS 200-1995] There were 17 instructions in the design after the 'Array/Struct (step 2)' phase of compilation. See the Design Size Report for more details: C:/TDM_0704/TDM_0704/iq_to_real/iq_to_real/hls/syn/report/csynth_design_size.rpt
INFO: [HLS 200-1995] There were 17 instructions in the design after the 'Array/Struct (step 3)' phase of compilation. See the Design Size Report for more details: C:/TDM_0704/TDM_0704/iq_to_real/iq_to_real/hls/syn/report/csynth_design_size.rpt
INFO: [HLS 200-1995] There were 17 instructions in the design after the 'Array/Struct (step 4)' phase of compilation. See the Design Size Report for more details: C:/TDM_0704/TDM_0704/iq_to_real/iq_to_real/hls/syn/report/csynth_design_size.rpt
INFO: [HLS 200-1995] There were 25 instructions in the design after the 'Array/Struct (step 5)' phase of compilation. See the Design Size Report for more details: C:/TDM_0704/TDM_0704/iq_to_real/iq_to_real/hls/syn/report/csynth_design_size.rpt
INFO: [HLS 200-1995] There were 27 instructions in the design after the 'Performance (step 1)' phase of compilation. See the Design Size Report for more details: C:/TDM_0704/TDM_0704/iq_to_real/iq_to_real/hls/syn/report/csynth_design_size.rpt
INFO: [HLS 200-1995] There were 25 instructions in the design after the 'Performance (step 2)' phase of compilation. See the Design Size Report for more details: C:/TDM_0704/TDM_0704/iq_to_real/iq_to_real/hls/syn/report/csynth_design_size.rpt
INFO: [HLS 200-1995] There were 20 instructions in the design after the 'Performance (step 3)' phase of compilation. See the Design Size Report for more details: C:/TDM_0704/TDM_0704/iq_to_real/iq_to_real/hls/syn/report/csynth_design_size.rpt
INFO: [HLS 200-1995] There were 20 instructions in the design after the 'Performance (step 4)' phase of compilation. See the Design Size Report for more details: C:/TDM_0704/TDM_0704/iq_to_real/iq_to_real/hls/syn/report/csynth_design_size.rpt
INFO: [HLS 200-1995] There were 18 instructions in the design after the 'HW Transforms (step 1)' phase of compilation. See the Design Size Report for more details: C:/TDM_0704/TDM_0704/iq_to_real/iq_to_real/hls/syn/report/csynth_design_size.rpt
INFO: [HLS 200-1995] There were 22 instructions in the design after the 'HW Transforms (step 2)' phase of compilation. See the Design Size Report for more details: C:/TDM_0704/TDM_0704/iq_to_real/iq_to_real/hls/syn/report/csynth_design_size.rpt
INFO: [HLS 200-111] Finished Compiling Optimization and Transform: CPU user time: 0 seconds. CPU system time: 1 seconds. Elapsed time: 10.084 seconds; current allocated memory: 276.031 MB.
INFO: [HLS 200-111] Finished Checking Pragmas: CPU user time: 0 seconds. CPU system time: 0 seconds. Elapsed time: 0.006 seconds; current allocated memory: 276.035 MB.
INFO: [HLS 200-10] Starting code transformations ...
INFO: [HLS 200-111] Finished Standard Transforms: CPU user time: 0 seconds. CPU system time: 0 seconds. Elapsed time: 0.186 seconds; current allocated memory: 279.426 MB.
INFO: [HLS 200-10] Checking synthesizability ...
INFO: [HLS 200-111] Finished Checking Synthesizability: CPU user time: 0 seconds. CPU system time: 0 seconds. Elapsed time: 0.061 seconds; current allocated memory: 280.941 MB.
INFO: [HLS 200-111] Finished Loop, function and other optimizations: CPU user time: 0 seconds. CPU system time: 0 seconds. Elapsed time: 0.095 seconds; current allocated memory: 301.176 MB.
INFO: [HLS 200-111] Finished Architecture Synthesis: CPU user time: 0 seconds. CPU system time: 0 seconds. Elapsed time: 0.093 seconds; current allocated memory: 301.188 MB.
INFO: [HLS 200-10] Starting hardware synthesis ...
INFO: [HLS 200-10] Synthesizing 'iq_to_real' ...
INFO: [HLS 200-10] ----------------------------------------------------------------
INFO: [HLS 200-42] -- Implementing module 'iq_to_real' 
INFO: [HLS 200-10] ----------------------------------------------------------------
INFO: [SCHED 204-11] Starting scheduling ...
INFO: [SCHED 204-61] Pipelining function 'iq_to_real'.
INFO: [HLS 200-1470] Pipelining result : Target II = 1, Final II = 1, Depth = 2, function 'iq_to_real'
INFO: [SCHED 204-11] Finished scheduling.
INFO: [HLS 200-111] Finished Scheduling: CPU user time: 0 seconds. CPU system time: 0 seconds. Elapsed time: 0.478 seconds; current allocated memory: 301.188 MB.
INFO: [BIND 205-100] Starting micro-architecture generation ...
INFO: [BIND 205-101] Performing variable lifetime analysis.
INFO: [BIND 205-101] Exploring resource sharing.
INFO: [BIND 205-101] Binding ...
INFO: [BIND 205-100] Finished micro-architecture generation.
INFO: [HLS 200-111] Finished Binding: CPU user time: 0 seconds. CPU system time: 0 seconds. Elapsed time: 0.104 seconds; current allocated memory: 301.188 MB.
INFO: [HLS 200-10] ----------------------------------------------------------------
INFO: [HLS 200-10] -- Generating RTL for module 'iq_to_real' 
INFO: [HLS 200-10] ----------------------------------------------------------------
WARNING: [RTGEN 206-101] Design contains AXI ports. Reset is fixed to synchronous and active low.
INFO: [RTGEN 206-500] Setting interface mode on port 'iq_to_real/s_axis_iq_V_data_V' to 'axis' (register, both mode).
INFO: [RTGEN 206-500] Setting interface mode on port 'iq_to_real/s_axis_iq_V_keep_V' to 'axis' (register, both mode).
INFO: [RTGEN 206-500] Setting interface mode on port 'iq_to_real/s_axis_iq_V_strb_V' to 'axis' (register, both mode).
INFO: [RTGEN 206-500] Setting interface mode on port 'iq_to_real/s_axis_iq_V_last_V' to 'axis' (register, both mode).
INFO: [RTGEN 206-500] Setting interface mode on port 'iq_to_real/m_axis_real' to 'axis' (register, both mode).
INFO: [RTGEN 206-500] Setting interface mode on function 'iq_to_real' to 'ap_ctrl_none'.
INFO: [HLS 200-1030] Apply Unified Pipeline Control on module 'iq_to_real' pipeline 'iq_to_real' pipeline type 'function pipeline'
INFO: [RTGEN 206-100] Finished creating RTL model for 'iq_to_real'.
INFO: [HLS 200-111] Finished Creating RTL model: CPU user time: 1 seconds. CPU system time: 0 seconds. Elapsed time: 0.253 seconds; current allocated memory: 301.270 MB.
INFO: [HLS 200-111] Finished Generating all RTL models: CPU user time: 0 seconds. CPU system time: 0 seconds. Elapsed time: 0.626 seconds; current allocated memory: 304.086 MB.
INFO: [HLS 200-111] Finished Updating report files: CPU user time: 0 seconds. CPU system time: 0 seconds. Elapsed time: 0.809 seconds; current allocated memory: 304.949 MB.
INFO: [VHDL 208-304] Generating VHDL RTL for iq_to_real.
INFO: [VLOG 209-307] Generating Verilog RTL for iq_to_real.
INFO: [HLS 200-789] **** Estimated Fmax: 1879.70 MHz
INFO: [HLS 200-112] Total CPU user time: 7 seconds. Total CPU system time: 3 seconds. Total elapsed time: 35.519 seconds; peak allocated memory: 305.113 MB.
INFO: [v++ 60-791] Total elapsed time: 0h 0m 43s
