

================================================================
== Synthesis Summary Report of 'iq_to_real'
================================================================
+ General Information: 
    * Date:           Fri Jul 17 18:38:39 2026
    * Version:        2024.2 (Build 5238294 on Nov  8 2024)
    * Project:        iq_to_real
    * Solution:       hls (Vivado IP Flow Target)
    * Product family: zynquplusRFSOC
    * Target device:  xczu48dr-fsvg1517-2-e
    

+ Performance & Resource Estimates: 
    
    PS: '+' for module; 'o' for loop; '*' for dataflow
    +--------------+------+------+---------+--------+----------+---------+------+----------+------+----+---------+----------+-----+
    |    Modules   | Issue|      | Latency | Latency| Iteration|         | Trip |          |      |    |         |          |     |
    |    & Loops   | Type | Slack| (cycles)|  (ns)  |  Latency | Interval| Count| Pipelined| BRAM | DSP|    FF   |    LUT   | URAM|
    +--------------+------+------+---------+--------+----------+---------+------+----------+------+----+---------+----------+-----+
    |+ iq_to_real  |     -|  6.77|        1|  10.000|         -|        1|     -|       yes|     -|   -|  2 (~0%)|  26 (~0%)|    -|
    +--------------+------+------+---------+--------+----------+---------+------+----------+------+----+---------+----------+-----+


================================================================
== HW Interfaces
================================================================
* AXIS
+-------------+-----------+---------------+-------+-------+-------+--------+-------+--------+
| Interface   | Direction | Register Mode | TDATA | TKEEP | TLAST | TREADY | TSTRB | TVALID |
+-------------+-----------+---------------+-------+-------+-------+--------+-------+--------+
| m_axis_real | out       | both          | 16    |       |       | 1      |       | 1      |
| s_axis_iq   | in        | both          | 32    | 4     | 1     | 1      | 4     | 1      |
+-------------+-----------+---------------+-------+-------+-------+--------+-------+--------+

* TOP LEVEL CONTROL
+-----------+--------------+----------+
| Interface | Type         | Ports    |
+-----------+--------------+----------+
| ap_clk    | clock        | ap_clk   |
| ap_rst_n  | reset        | ap_rst_n |
| ap_ctrl   | ap_ctrl_none |          |
+-----------+--------------+----------+


================================================================
== SW I/O Information
================================================================
* Top Function Arguments
+-------------+-----------+---------------------------------------------------------+
| Argument    | Direction | Datatype                                                |
+-------------+-----------+---------------------------------------------------------+
| s_axis_iq   | in        | stream<hls::axis<ap_uint<32>, 0, 0, 0, '8', false>, 0>& |
| m_axis_real | out       | stream<ap_int<16>, 0>&                                  |
+-------------+-----------+---------------------------------------------------------+

* SW-to-HW Mapping
+-------------+--------------+-----------+
| Argument    | HW Interface | HW Type   |
+-------------+--------------+-----------+
| s_axis_iq   | s_axis_iq    | interface |
| m_axis_real | m_axis_real  | interface |
+-------------+--------------+-----------+


================================================================
== Bind Op Report
================================================================
  No bind op info in design

================================================================
== Storage Report
================================================================
  No bind storage info in design

================================================================
== Pragma Report
================================================================
* Valid Pragma Syntax
+-----------+--------------------------+----------------------------------------------+
| Type      | Options                  | Location                                     |
+-----------+--------------------------+----------------------------------------------+
| interface | axis port=s_axis_iq      | iq_to_real.cpp:19 in iq_to_real, s_axis_iq   |
| interface | axis port=m_axis_real    | iq_to_real.cpp:20 in iq_to_real, m_axis_real |
| interface | ap_ctrl_none port=return | iq_to_real.cpp:21 in iq_to_real, return      |
| pipeline  | II=1                     | iq_to_real.cpp:22 in iq_to_real              |
+-----------+--------------------------+----------------------------------------------+


