#-----------------------------------------------------------
# Vivado v2024.2 (64-bit)
# SW Build 5239630 on Fri Nov 08 22:35:27 MST 2024
# IP Build 5239520 on Sun Nov 10 16:12:51 MST 2024
# SharedData Build 5239561 on Fri Nov 08 14:39:27 MST 2024
# Start of session at: Wed Jul  8 19:58:41 2026
# Process ID         : 19276
# Current directory  : C:/TDM_0704/TDM_0704/lfm_tdm_gen/lfm_tdm_gen/hls/impl/ip
# Command line       : vivado.exe -notrace -mode batch -source run_ippack.tcl
# Log file           : C:/TDM_0704/TDM_0704/lfm_tdm_gen/lfm_tdm_gen/hls/impl/ip/vivado.log
# Journal file       : C:/TDM_0704/TDM_0704/lfm_tdm_gen/lfm_tdm_gen/hls/impl/ip\vivado.jou
# Running On         : JohnsonKu
# Platform           : Windows Server 2016 or Windows 10
# Operating System   : 26200
# Processor Detail   : Intel(R) Core(TM) i7-8550U CPU @ 1.80GHz
# CPU Frequency      : 1992 MHz
# CPU Physical cores : 4
# CPU Logical cores  : 8
# Host memory        : 34169 MB
# Swap memory        : 2147 MB
# Total Virtual      : 36316 MB
# Available Virtual  : 13793 MB
#-----------------------------------------------------------
source run_ippack.tcl -notrace
INFO: calling package_hls_ip ip_types=vitis sysgen json_file=C:/TDM_0704/TDM_0704/lfm_tdm_gen/lfm_tdm_gen/hls/hls_data.json outdir=C:/TDM_0704/TDM_0704/lfm_tdm_gen/lfm_tdm_gen/hls/impl/ip srcdir=C:/TDM_0704/TDM_0704/lfm_tdm_gen/lfm_tdm_gen/hls sort_interfaces_ports=false
INFO: Copied 1 ipmisc file(s) to C:/TDM_0704/TDM_0704/lfm_tdm_gen/lfm_tdm_gen/hls/impl/ip/misc
INFO: Copied 8 verilog file(s) to C:/TDM_0704/TDM_0704/lfm_tdm_gen/lfm_tdm_gen/hls/impl/ip/hdl/verilog
INFO: Copied 6 vhdl file(s) to C:/TDM_0704/TDM_0704/lfm_tdm_gen/lfm_tdm_gen/hls/impl/ip/hdl/vhdl
INFO: Copied 10 swdriver file(s) to C:/TDM_0704/TDM_0704/lfm_tdm_gen/lfm_tdm_gen/hls/impl/ip/drivers
ipx::create_core: Time (s): cpu = 00:00:07 ; elapsed = 00:00:07 . Memory (MB): peak = 451.691 ; gain = 115.680
INFO: Import ports from HDL: C:/TDM_0704/TDM_0704/lfm_tdm_gen/lfm_tdm_gen/hls/impl/ip/hdl/vhdl/lfm_tdm_gen.vhd (lfm_tdm_gen)
INFO: Add axi4lite interface s_axi_CTRL
INFO: Add clock interface ap_clk
INFO: Add reset interface ap_rst_n
INFO: Add interrupt interface interrupt
INFO: [IP_Flow 19-234] Refreshing IP repositories
INFO: [IP_Flow 19-1704] No user IP repositories specified
INFO: [IP_Flow 19-2313] Loaded Vivado IP repository 'C:/Xilinx/Vivado/2024.2/data/ip'.
INFO: Add axi4stream interface m_axis_tx
INFO: Add data interface dbg_lfm_i
INFO: Add data interface dbg_lfm_q
INFO: Add data interface dbg_tx_sel
INFO: Add data interface dbg_chirp_count
INFO: Add data interface dbg_sample_count
INFO: Add data interface dbg_chirp_start
INFO: Add data interface dbg_chirp_end
INFO: Add data interface dbg_enable
INFO: Add data interface dbg_state
INFO: Calling post_process_vitis to specialize IP
INFO: Calling post_process_sysgen to specialize IP
Generating sysgen info xml from json file
INFO: Created IP C:/TDM_0704/TDM_0704/lfm_tdm_gen/lfm_tdm_gen/hls/impl/ip/component.xml
INFO: Created IP archive C:/TDM_0704/TDM_0704/lfm_tdm_gen/lfm_tdm_gen/hls/impl/ip/xilinx_com_hls_lfm_tdm_gen_1_0.zip
INFO: [Common 17-206] Exiting Vivado at Wed Jul  8 19:58:57 2026...
