
*** Running vivado
    with args -log design_1_lfm_tdm_gen_0_0.vds -m64 -product Vivado -mode batch -messageDb vivado.pb -notrace -source design_1_lfm_tdm_gen_0_0.tcl



****** Vivado v2024.2 (64-bit)
  **** SW Build 5239630 on Fri Nov 08 22:35:27 MST 2024
  **** IP Build 5239520 on Sun Nov 10 16:12:51 MST 2024
  **** SharedData Build 5239561 on Fri Nov 08 14:39:27 MST 2024
  **** Start of session at: Tue Jul 14 14:22:25 2026
    ** Copyright 1986-2022 Xilinx, Inc. All Rights Reserved.
    ** Copyright 2022-2024 Advanced Micro Devices, Inc. All Rights Reserved.

source design_1_lfm_tdm_gen_0_0.tcl -notrace
create_project: Time (s): cpu = 00:00:10 ; elapsed = 00:00:12 . Memory (MB): peak = 445.199 ; gain = 121.496
INFO: [IP_Flow 19-234] Refreshing IP repositories
INFO: [IP_Flow 19-1700] Loaded user IP repository 'c:/TDM_0704/radar_beamformer_ip/radar_beamformer_ip/hls/impl/ip'.
INFO: [IP_Flow 19-1700] Loaded user IP repository 'c:/TDM_0704/TDM_0704/lfm_tdm_gen/lfm_tdm_gen/hls/impl/ip'.
INFO: [IP_Flow 19-2313] Loaded Vivado IP repository 'C:/Xilinx/Vivado/2024.2/data/ip'.
INFO: [IP_Flow 19-6924] IPCACHE: Running cache check for IP inst: design_1_lfm_tdm_gen_0_0
Command: synth_design -top design_1_lfm_tdm_gen_0_0 -part xczu48dr-fsvg1517-2-e -incremental_mode off -mode out_of_context
Starting synth_design
Attempting to get a license for feature 'Synthesis' and/or device 'xczu48dr'
INFO: [Common 17-349] Got license for feature 'Synthesis' and/or device 'xczu48dr'
INFO: [Device 21-403] Loading part xczu48dr-fsvg1517-2-e
INFO: [Synth 8-7079] Multithreading enabled for synth_design using a maximum of 2 processes.
INFO: [Synth 8-7078] Launching helper process for spawning children vivado processes
INFO: [Synth 8-7075] Helper process launched with PID 11144
---------------------------------------------------------------------------------
Starting RTL Elaboration : Time (s): cpu = 00:00:14 ; elapsed = 00:00:17 . Memory (MB): peak = 1820.582 ; gain = 382.336
---------------------------------------------------------------------------------
INFO: [Synth 8-6157] synthesizing module 'design_1_lfm_tdm_gen_0_0' [c:/TDM_0704/TDM_0704/TDM_0704.gen/sources_1/bd/design_1/ip/design_1_lfm_tdm_gen_0_0/synth/design_1_lfm_tdm_gen_0_0.v:53]
INFO: [Synth 8-6157] synthesizing module 'lfm_tdm_gen' [c:/TDM_0704/TDM_0704/TDM_0704.gen/sources_1/bd/design_1/ipshared/fdb9/hdl/verilog/lfm_tdm_gen.v:9]
INFO: [Synth 8-6157] synthesizing module 'lfm_tdm_gen_LFM_IQ_LUT_ROM_AUTO_1R' [c:/TDM_0704/TDM_0704/TDM_0704.gen/sources_1/bd/design_1/ipshared/fdb9/hdl/verilog/lfm_tdm_gen_LFM_IQ_LUT_ROM_AUTO_1R.v:7]
INFO: [Synth 8-3876] $readmem data file './lfm_tdm_gen_LFM_IQ_LUT_ROM_AUTO_1R.dat' is read successfully [c:/TDM_0704/TDM_0704/TDM_0704.gen/sources_1/bd/design_1/ipshared/fdb9/hdl/verilog/lfm_tdm_gen_LFM_IQ_LUT_ROM_AUTO_1R.v:28]
INFO: [Synth 8-6155] done synthesizing module 'lfm_tdm_gen_LFM_IQ_LUT_ROM_AUTO_1R' (0#1) [c:/TDM_0704/TDM_0704/TDM_0704.gen/sources_1/bd/design_1/ipshared/fdb9/hdl/verilog/lfm_tdm_gen_LFM_IQ_LUT_ROM_AUTO_1R.v:7]
INFO: [Synth 8-6157] synthesizing module 'lfm_tdm_gen_CTRL_s_axi' [c:/TDM_0704/TDM_0704/TDM_0704.gen/sources_1/bd/design_1/ipshared/fdb9/hdl/verilog/lfm_tdm_gen_CTRL_s_axi.v:9]
INFO: [Synth 8-155] case statement is not full and has no default [c:/TDM_0704/TDM_0704/TDM_0704.gen/sources_1/bd/design_1/ipshared/fdb9/hdl/verilog/lfm_tdm_gen_CTRL_s_axi.v:197]
INFO: [Synth 8-6155] done synthesizing module 'lfm_tdm_gen_CTRL_s_axi' (0#1) [c:/TDM_0704/TDM_0704/TDM_0704.gen/sources_1/bd/design_1/ipshared/fdb9/hdl/verilog/lfm_tdm_gen_CTRL_s_axi.v:9]
INFO: [Synth 8-6157] synthesizing module 'lfm_tdm_gen_flow_control_loop_pipe' [c:/TDM_0704/TDM_0704/TDM_0704.gen/sources_1/bd/design_1/ipshared/fdb9/hdl/verilog/lfm_tdm_gen_flow_control_loop_pipe.v:11]
INFO: [Synth 8-6155] done synthesizing module 'lfm_tdm_gen_flow_control_loop_pipe' (0#1) [c:/TDM_0704/TDM_0704/TDM_0704.gen/sources_1/bd/design_1/ipshared/fdb9/hdl/verilog/lfm_tdm_gen_flow_control_loop_pipe.v:11]
INFO: [Synth 8-6157] synthesizing module 'lfm_tdm_gen_regslice_both' [c:/TDM_0704/TDM_0704/TDM_0704.gen/sources_1/bd/design_1/ipshared/fdb9/hdl/verilog/lfm_tdm_gen_regslice_both.v:8]
INFO: [Synth 8-6155] done synthesizing module 'lfm_tdm_gen_regslice_both' (0#1) [c:/TDM_0704/TDM_0704/TDM_0704.gen/sources_1/bd/design_1/ipshared/fdb9/hdl/verilog/lfm_tdm_gen_regslice_both.v:8]
INFO: [Synth 8-6157] synthesizing module 'lfm_tdm_gen_regslice_both__parameterized0' [c:/TDM_0704/TDM_0704/TDM_0704.gen/sources_1/bd/design_1/ipshared/fdb9/hdl/verilog/lfm_tdm_gen_regslice_both.v:8]
INFO: [Synth 8-6155] done synthesizing module 'lfm_tdm_gen_regslice_both__parameterized0' (0#1) [c:/TDM_0704/TDM_0704/TDM_0704.gen/sources_1/bd/design_1/ipshared/fdb9/hdl/verilog/lfm_tdm_gen_regslice_both.v:8]
INFO: [Synth 8-6157] synthesizing module 'lfm_tdm_gen_regslice_both__parameterized1' [c:/TDM_0704/TDM_0704/TDM_0704.gen/sources_1/bd/design_1/ipshared/fdb9/hdl/verilog/lfm_tdm_gen_regslice_both.v:8]
INFO: [Synth 8-6155] done synthesizing module 'lfm_tdm_gen_regslice_both__parameterized1' (0#1) [c:/TDM_0704/TDM_0704/TDM_0704.gen/sources_1/bd/design_1/ipshared/fdb9/hdl/verilog/lfm_tdm_gen_regslice_both.v:8]
INFO: [Synth 8-6155] done synthesizing module 'lfm_tdm_gen' (0#1) [c:/TDM_0704/TDM_0704/TDM_0704.gen/sources_1/bd/design_1/ipshared/fdb9/hdl/verilog/lfm_tdm_gen.v:9]
INFO: [Synth 8-6155] done synthesizing module 'design_1_lfm_tdm_gen_0_0' (0#1) [c:/TDM_0704/TDM_0704/TDM_0704.gen/sources_1/bd/design_1/ip/design_1_lfm_tdm_gen_0_0/synth/design_1_lfm_tdm_gen_0_0.v:53]
WARNING: [Synth 8-6014] Unused sequential element int_ap_done_reg was removed.  [c:/TDM_0704/TDM_0704/TDM_0704.gen/sources_1/bd/design_1/ipshared/fdb9/hdl/verilog/lfm_tdm_gen_CTRL_s_axi.v:254]
WARNING: [Synth 8-6014] Unused sequential element ap_block_pp0_stage0_subdone_grp0_done_reg_reg was removed.  [c:/TDM_0704/TDM_0704/TDM_0704.gen/sources_1/bd/design_1/ipshared/fdb9/hdl/verilog/lfm_tdm_gen.v:311]
WARNING: [Synth 8-6014] Unused sequential element icmp_ln53_reg_416_pp0_iter1_reg_reg was removed.  [c:/TDM_0704/TDM_0704/TDM_0704.gen/sources_1/bd/design_1/ipshared/fdb9/hdl/verilog/lfm_tdm_gen.v:389]
WARNING: [Synth 8-7129] Port ap_done_int in module lfm_tdm_gen_flow_control_loop_pipe is either unconnected or has no load
WARNING: [Synth 8-7129] Port AWADDR[1] in module lfm_tdm_gen_CTRL_s_axi is either unconnected or has no load
WARNING: [Synth 8-7129] Port AWADDR[0] in module lfm_tdm_gen_CTRL_s_axi is either unconnected or has no load
WARNING: [Synth 8-7129] Port WDATA[31] in module lfm_tdm_gen_CTRL_s_axi is either unconnected or has no load
WARNING: [Synth 8-7129] Port WDATA[30] in module lfm_tdm_gen_CTRL_s_axi is either unconnected or has no load
WARNING: [Synth 8-7129] Port WDATA[29] in module lfm_tdm_gen_CTRL_s_axi is either unconnected or has no load
WARNING: [Synth 8-7129] Port WDATA[28] in module lfm_tdm_gen_CTRL_s_axi is either unconnected or has no load
WARNING: [Synth 8-7129] Port WDATA[27] in module lfm_tdm_gen_CTRL_s_axi is either unconnected or has no load
WARNING: [Synth 8-7129] Port WDATA[26] in module lfm_tdm_gen_CTRL_s_axi is either unconnected or has no load
WARNING: [Synth 8-7129] Port WDATA[25] in module lfm_tdm_gen_CTRL_s_axi is either unconnected or has no load
WARNING: [Synth 8-7129] Port WDATA[24] in module lfm_tdm_gen_CTRL_s_axi is either unconnected or has no load
WARNING: [Synth 8-7129] Port WDATA[23] in module lfm_tdm_gen_CTRL_s_axi is either unconnected or has no load
WARNING: [Synth 8-7129] Port WDATA[22] in module lfm_tdm_gen_CTRL_s_axi is either unconnected or has no load
WARNING: [Synth 8-7129] Port WDATA[21] in module lfm_tdm_gen_CTRL_s_axi is either unconnected or has no load
WARNING: [Synth 8-7129] Port WDATA[20] in module lfm_tdm_gen_CTRL_s_axi is either unconnected or has no load
WARNING: [Synth 8-7129] Port WDATA[19] in module lfm_tdm_gen_CTRL_s_axi is either unconnected or has no load
WARNING: [Synth 8-7129] Port WDATA[18] in module lfm_tdm_gen_CTRL_s_axi is either unconnected or has no load
WARNING: [Synth 8-7129] Port WDATA[17] in module lfm_tdm_gen_CTRL_s_axi is either unconnected or has no load
WARNING: [Synth 8-7129] Port WDATA[16] in module lfm_tdm_gen_CTRL_s_axi is either unconnected or has no load
WARNING: [Synth 8-7129] Port WDATA[15] in module lfm_tdm_gen_CTRL_s_axi is either unconnected or has no load
WARNING: [Synth 8-7129] Port WDATA[14] in module lfm_tdm_gen_CTRL_s_axi is either unconnected or has no load
WARNING: [Synth 8-7129] Port WDATA[13] in module lfm_tdm_gen_CTRL_s_axi is either unconnected or has no load
WARNING: [Synth 8-7129] Port WDATA[12] in module lfm_tdm_gen_CTRL_s_axi is either unconnected or has no load
WARNING: [Synth 8-7129] Port WDATA[11] in module lfm_tdm_gen_CTRL_s_axi is either unconnected or has no load
WARNING: [Synth 8-7129] Port WDATA[10] in module lfm_tdm_gen_CTRL_s_axi is either unconnected or has no load
WARNING: [Synth 8-7129] Port WDATA[9] in module lfm_tdm_gen_CTRL_s_axi is either unconnected or has no load
WARNING: [Synth 8-7129] Port WDATA[8] in module lfm_tdm_gen_CTRL_s_axi is either unconnected or has no load
WARNING: [Synth 8-7129] Port WDATA[6] in module lfm_tdm_gen_CTRL_s_axi is either unconnected or has no load
WARNING: [Synth 8-7129] Port WDATA[5] in module lfm_tdm_gen_CTRL_s_axi is either unconnected or has no load
WARNING: [Synth 8-7129] Port WDATA[4] in module lfm_tdm_gen_CTRL_s_axi is either unconnected or has no load
WARNING: [Synth 8-7129] Port WDATA[3] in module lfm_tdm_gen_CTRL_s_axi is either unconnected or has no load
WARNING: [Synth 8-7129] Port WDATA[2] in module lfm_tdm_gen_CTRL_s_axi is either unconnected or has no load
WARNING: [Synth 8-7129] Port WSTRB[3] in module lfm_tdm_gen_CTRL_s_axi is either unconnected or has no load
WARNING: [Synth 8-7129] Port WSTRB[2] in module lfm_tdm_gen_CTRL_s_axi is either unconnected or has no load
WARNING: [Synth 8-7129] Port WSTRB[1] in module lfm_tdm_gen_CTRL_s_axi is either unconnected or has no load
WARNING: [Synth 8-7129] Port reset in module lfm_tdm_gen_LFM_IQ_LUT_ROM_AUTO_1R is either unconnected or has no load
---------------------------------------------------------------------------------
Finished RTL Elaboration : Time (s): cpu = 00:00:18 ; elapsed = 00:00:21 . Memory (MB): peak = 1932.586 ; gain = 494.340
---------------------------------------------------------------------------------
---------------------------------------------------------------------------------
Start Handling Custom Attributes
---------------------------------------------------------------------------------
---------------------------------------------------------------------------------
Finished Handling Custom Attributes : Time (s): cpu = 00:00:18 ; elapsed = 00:00:21 . Memory (MB): peak = 1932.586 ; gain = 494.340
---------------------------------------------------------------------------------
---------------------------------------------------------------------------------
Finished RTL Optimization Phase 1 : Time (s): cpu = 00:00:18 ; elapsed = 00:00:21 . Memory (MB): peak = 1932.586 ; gain = 494.340
---------------------------------------------------------------------------------
Netlist sorting complete. Time (s): cpu = 00:00:00 ; elapsed = 00:00:00.010 . Memory (MB): peak = 1932.586 ; gain = 0.000
INFO: [Project 1-570] Preparing netlist for logic optimization

Processing XDC Constraints
Initializing timing engine
Parsing XDC File [c:/TDM_0704/TDM_0704/TDM_0704.gen/sources_1/bd/design_1/ip/design_1_lfm_tdm_gen_0_0/constraints/lfm_tdm_gen_ooc.xdc] for cell 'inst'
create_clock: Time (s): cpu = 00:00:12 ; elapsed = 00:00:12 . Memory (MB): peak = 2034.020 ; gain = 0.023
Finished Parsing XDC File [c:/TDM_0704/TDM_0704/TDM_0704.gen/sources_1/bd/design_1/ip/design_1_lfm_tdm_gen_0_0/constraints/lfm_tdm_gen_ooc.xdc] for cell 'inst'
Parsing XDC File [C:/TDM_0704/TDM_0704/TDM_0704.runs/design_1_lfm_tdm_gen_0_0_synth_1/dont_touch.xdc]
Finished Parsing XDC File [C:/TDM_0704/TDM_0704/TDM_0704.runs/design_1_lfm_tdm_gen_0_0_synth_1/dont_touch.xdc]
Completed Processing XDC Constraints

Netlist sorting complete. Time (s): cpu = 00:00:00 ; elapsed = 00:00:00.001 . Memory (MB): peak = 2034.020 ; gain = 0.000
INFO: [Project 1-111] Unisim Transformation Summary:
No Unisim elements were transformed.

Constraint Validation Runtime : Time (s): cpu = 00:00:00 ; elapsed = 00:00:00.062 . Memory (MB): peak = 2034.129 ; gain = 0.109
INFO: [Designutils 20-5008] Incremental synthesis strategy off
---------------------------------------------------------------------------------
Finished Constraint Validation : Time (s): cpu = 00:00:42 ; elapsed = 00:00:46 . Memory (MB): peak = 2034.129 ; gain = 595.883
---------------------------------------------------------------------------------
---------------------------------------------------------------------------------
Start Loading Part and Timing Information
---------------------------------------------------------------------------------
Loading part: xczu48dr-fsvg1517-2-e
INFO: [Synth 8-6742] Reading net delay rules and data
---------------------------------------------------------------------------------
Finished Loading Part and Timing Information : Time (s): cpu = 00:00:42 ; elapsed = 00:00:46 . Memory (MB): peak = 2034.129 ; gain = 595.883
---------------------------------------------------------------------------------
---------------------------------------------------------------------------------
Start Applying 'set_property' XDC Constraints
---------------------------------------------------------------------------------
Applied set_property KEEP_HIERARCHY = SOFT for inst. (constraint file  C:/TDM_0704/TDM_0704/TDM_0704.runs/design_1_lfm_tdm_gen_0_0_synth_1/dont_touch.xdc, line 9).
---------------------------------------------------------------------------------
Finished applying 'set_property' XDC Constraints : Time (s): cpu = 00:00:42 ; elapsed = 00:00:47 . Memory (MB): peak = 2034.129 ; gain = 595.883
---------------------------------------------------------------------------------
INFO: [Synth 8-802] inferred FSM for state register 'wstate_reg' in module 'lfm_tdm_gen_CTRL_s_axi'
INFO: [Synth 8-802] inferred FSM for state register 'rstate_reg' in module 'lfm_tdm_gen_CTRL_s_axi'
INFO: [Synth 8-802] inferred FSM for state register 'state_reg' in module 'lfm_tdm_gen_regslice_both'
INFO: [Synth 8-802] inferred FSM for state register 'state_reg' in module 'lfm_tdm_gen_regslice_both__parameterized0'
INFO: [Synth 8-802] inferred FSM for state register 'state_reg' in module 'lfm_tdm_gen_regslice_both__parameterized1'
---------------------------------------------------------------------------------------------------
                   State |                     New Encoding |                Previous Encoding 
---------------------------------------------------------------------------------------------------
                  iSTATE |                             0001 |                               11
*
                  WRIDLE |                             0010 |                               00
                  WRDATA |                             0100 |                               01
                  WRRESP |                             1000 |                               10
---------------------------------------------------------------------------------------------------
INFO: [Synth 8-3354] encoded FSM with state register 'wstate_reg' using encoding 'one-hot' in module 'lfm_tdm_gen_CTRL_s_axi'
---------------------------------------------------------------------------------------------------
                   State |                     New Encoding |                Previous Encoding 
---------------------------------------------------------------------------------------------------
                  iSTATE |                              001 |                               10
*
                  RDIDLE |                              010 |                               00
                  RDDATA |                              100 |                               01
---------------------------------------------------------------------------------------------------
INFO: [Synth 8-3354] encoded FSM with state register 'rstate_reg' using encoding 'one-hot' in module 'lfm_tdm_gen_CTRL_s_axi'
---------------------------------------------------------------------------------------------------
                   State |                     New Encoding |                Previous Encoding 
---------------------------------------------------------------------------------------------------
                  iSTATE |                               00 |                               00
*
                    ZERO |                               01 |                               10
                     ONE |                               11 |                               11
                     TWO |                               10 |                               01
---------------------------------------------------------------------------------------------------
INFO: [Synth 8-3354] encoded FSM with state register 'state_reg' using encoding 'sequential' in module 'lfm_tdm_gen_regslice_both'
---------------------------------------------------------------------------------------------------
                   State |                     New Encoding |                Previous Encoding 
---------------------------------------------------------------------------------------------------
                  iSTATE |                               00 |                               00
*
                    ZERO |                               01 |                               10
                     ONE |                               11 |                               11
                     TWO |                               10 |                               01
---------------------------------------------------------------------------------------------------
INFO: [Synth 8-3354] encoded FSM with state register 'state_reg' using encoding 'sequential' in module 'lfm_tdm_gen_regslice_both__parameterized0'
---------------------------------------------------------------------------------------------------
                   State |                     New Encoding |                Previous Encoding 
---------------------------------------------------------------------------------------------------
                  iSTATE |                               00 |                               00
*
                    ZERO |                               01 |                               10
                     ONE |                               11 |                               11
                     TWO |                               10 |                               01
---------------------------------------------------------------------------------------------------
INFO: [Synth 8-3354] encoded FSM with state register 'state_reg' using encoding 'sequential' in module 'lfm_tdm_gen_regslice_both__parameterized1'
---------------------------------------------------------------------------------
Finished RTL Optimization Phase 2 : Time (s): cpu = 00:00:43 ; elapsed = 00:00:47 . Memory (MB): peak = 2034.129 ; gain = 595.883
---------------------------------------------------------------------------------
INFO: [Synth 8-223] decloning instance 'inst/regslice_both_m_axis_tx_V_keep_V_U' (lfm_tdm_gen_regslice_both__parameterized0) to 'inst/regslice_both_m_axis_tx_V_strb_V_U'
---------------------------------------------------------------------------------
Start RTL Component Statistics 
---------------------------------------------------------------------------------
Detailed RTL Component Info : 
+---Adders : 
	   2 Input   12 Bit       Adders := 1     
	   2 Input   11 Bit       Adders := 1     
	   2 Input    3 Bit       Adders := 1     
+---XORs : 
	   2 Input      1 Bit         XORs := 2     
+---Registers : 
	               32 Bit    Registers := 3     
	               30 Bit    Registers := 1     
	               12 Bit    Registers := 1     
	               11 Bit    Registers := 1     
	                4 Bit    Registers := 3     
	                3 Bit    Registers := 2     
	                2 Bit    Registers := 4     
	                1 Bit    Registers := 25    
+---ROMs : 
	                    ROMs := 1     
+---Muxes : 
	   2 Input   32 Bit        Muxes := 1     
	   2 Input   11 Bit        Muxes := 1     
	   4 Input    4 Bit        Muxes := 1     
	   2 Input    4 Bit        Muxes := 4     
	   3 Input    3 Bit        Muxes := 1     
	   2 Input    3 Bit        Muxes := 11    
	   2 Input    2 Bit        Muxes := 30    
	   4 Input    2 Bit        Muxes := 12    
	   2 Input    1 Bit        Muxes := 19    
---------------------------------------------------------------------------------
Finished RTL Component Statistics 
---------------------------------------------------------------------------------
---------------------------------------------------------------------------------
Start Part Resource Summary
---------------------------------------------------------------------------------
Part Resources:
DSPs: 4272 (col length:192)
BRAMs: 2160 (col length: RAMB18 192 RAMB36 96)
---------------------------------------------------------------------------------
Finished Part Resource Summary
---------------------------------------------------------------------------------
---------------------------------------------------------------------------------
Start Cross Boundary and Area Optimization
---------------------------------------------------------------------------------
WARNING: [Synth 8-7080] Parallel synthesis criteria is not met
WARNING: [Synth 8-7129] Port s_axi_CTRL_AWADDR[1] in module lfm_tdm_gen is either unconnected or has no load
WARNING: [Synth 8-7129] Port s_axi_CTRL_AWADDR[0] in module lfm_tdm_gen is either unconnected or has no load
WARNING: [Synth 8-7129] Port s_axi_CTRL_WDATA[31] in module lfm_tdm_gen is either unconnected or has no load
WARNING: [Synth 8-7129] Port s_axi_CTRL_WDATA[30] in module lfm_tdm_gen is either unconnected or has no load
WARNING: [Synth 8-7129] Port s_axi_CTRL_WDATA[29] in module lfm_tdm_gen is either unconnected or has no load
WARNING: [Synth 8-7129] Port s_axi_CTRL_WDATA[28] in module lfm_tdm_gen is either unconnected or has no load
WARNING: [Synth 8-7129] Port s_axi_CTRL_WDATA[27] in module lfm_tdm_gen is either unconnected or has no load
WARNING: [Synth 8-7129] Port s_axi_CTRL_WDATA[26] in module lfm_tdm_gen is either unconnected or has no load
WARNING: [Synth 8-7129] Port s_axi_CTRL_WDATA[25] in module lfm_tdm_gen is either unconnected or has no load
WARNING: [Synth 8-7129] Port s_axi_CTRL_WDATA[24] in module lfm_tdm_gen is either unconnected or has no load
WARNING: [Synth 8-7129] Port s_axi_CTRL_WDATA[23] in module lfm_tdm_gen is either unconnected or has no load
WARNING: [Synth 8-7129] Port s_axi_CTRL_WDATA[22] in module lfm_tdm_gen is either unconnected or has no load
WARNING: [Synth 8-7129] Port s_axi_CTRL_WDATA[21] in module lfm_tdm_gen is either unconnected or has no load
WARNING: [Synth 8-7129] Port s_axi_CTRL_WDATA[20] in module lfm_tdm_gen is either unconnected or has no load
WARNING: [Synth 8-7129] Port s_axi_CTRL_WDATA[19] in module lfm_tdm_gen is either unconnected or has no load
WARNING: [Synth 8-7129] Port s_axi_CTRL_WDATA[18] in module lfm_tdm_gen is either unconnected or has no load
WARNING: [Synth 8-7129] Port s_axi_CTRL_WDATA[17] in module lfm_tdm_gen is either unconnected or has no load
WARNING: [Synth 8-7129] Port s_axi_CTRL_WDATA[16] in module lfm_tdm_gen is either unconnected or has no load
WARNING: [Synth 8-7129] Port s_axi_CTRL_WDATA[15] in module lfm_tdm_gen is either unconnected or has no load
WARNING: [Synth 8-7129] Port s_axi_CTRL_WDATA[14] in module lfm_tdm_gen is either unconnected or has no load
WARNING: [Synth 8-7129] Port s_axi_CTRL_WDATA[13] in module lfm_tdm_gen is either unconnected or has no load
WARNING: [Synth 8-7129] Port s_axi_CTRL_WDATA[12] in module lfm_tdm_gen is either unconnected or has no load
WARNING: [Synth 8-7129] Port s_axi_CTRL_WDATA[11] in module lfm_tdm_gen is either unconnected or has no load
WARNING: [Synth 8-7129] Port s_axi_CTRL_WDATA[10] in module lfm_tdm_gen is either unconnected or has no load
WARNING: [Synth 8-7129] Port s_axi_CTRL_WDATA[9] in module lfm_tdm_gen is either unconnected or has no load
WARNING: [Synth 8-7129] Port s_axi_CTRL_WDATA[8] in module lfm_tdm_gen is either unconnected or has no load
WARNING: [Synth 8-7129] Port s_axi_CTRL_WDATA[6] in module lfm_tdm_gen is either unconnected or has no load
WARNING: [Synth 8-7129] Port s_axi_CTRL_WDATA[5] in module lfm_tdm_gen is either unconnected or has no load
WARNING: [Synth 8-7129] Port s_axi_CTRL_WDATA[4] in module lfm_tdm_gen is either unconnected or has no load
WARNING: [Synth 8-7129] Port s_axi_CTRL_WDATA[3] in module lfm_tdm_gen is either unconnected or has no load
WARNING: [Synth 8-7129] Port s_axi_CTRL_WDATA[2] in module lfm_tdm_gen is either unconnected or has no load
WARNING: [Synth 8-7129] Port s_axi_CTRL_WSTRB[3] in module lfm_tdm_gen is either unconnected or has no load
WARNING: [Synth 8-7129] Port s_axi_CTRL_WSTRB[2] in module lfm_tdm_gen is either unconnected or has no load
WARNING: [Synth 8-7129] Port s_axi_CTRL_WSTRB[1] in module lfm_tdm_gen is either unconnected or has no load
WARNING: [Synth 8-3332] Sequential element (CTRL_s_axi_U/FSM_onehot_wstate_reg[0]) is unused and will be removed from module lfm_tdm_gen.
WARNING: [Synth 8-3332] Sequential element (CTRL_s_axi_U/FSM_onehot_rstate_reg[0]) is unused and will be removed from module lfm_tdm_gen.
---------------------------------------------------------------------------------
Finished Cross Boundary and Area Optimization : Time (s): cpu = 00:00:47 ; elapsed = 00:00:52 . Memory (MB): peak = 2034.129 ; gain = 595.883
---------------------------------------------------------------------------------
---------------------------------------------------------------------------------
Start ROM, RAM, DSP, Shift Register and Retiming Reporting
---------------------------------------------------------------------------------

ROM: Preliminary Mapping Report
+------------+---------------------+---------------+----------------+
|Module Name | RTL Object          | Depth x Width | Implemented As | 
+------------+---------------------+---------------+----------------+
|lfm_tdm_gen | LFM_IQ_LUT_U/q0_reg | 1024x30       | Block RAM      | 
|lfm_tdm_gen | LFM_IQ_LUT_U/q0_reg | 1024x30       | Block RAM      | 
+------------+---------------------+---------------+----------------+

---------------------------------------------------------------------------------
Finished ROM, RAM, DSP, Shift Register and Retiming Reporting
---------------------------------------------------------------------------------
---------------------------------------------------------------------------------
Start Applying XDC Timing Constraints
---------------------------------------------------------------------------------
---------------------------------------------------------------------------------
Finished Applying XDC Timing Constraints : Time (s): cpu = 00:01:01 ; elapsed = 00:01:10 . Memory (MB): peak = 2541.703 ; gain = 1103.457
---------------------------------------------------------------------------------
---------------------------------------------------------------------------------
Start Timing Optimization
---------------------------------------------------------------------------------
---------------------------------------------------------------------------------
Finished Timing Optimization : Time (s): cpu = 00:01:02 ; elapsed = 00:01:10 . Memory (MB): peak = 2577.922 ; gain = 1139.676
---------------------------------------------------------------------------------
---------------------------------------------------------------------------------
Start Technology Mapping
---------------------------------------------------------------------------------
INFO: [Synth 8-7052] The timing for the instance inst/LFM_IQ_LUT_U/q0_reg (implemented as a Block RAM) might be sub-optimal as no optional output register could be merged into the ram block. Providing additional output register may help in improving timing.
---------------------------------------------------------------------------------
Finished Technology Mapping : Time (s): cpu = 00:01:02 ; elapsed = 00:01:11 . Memory (MB): peak = 2578.879 ; gain = 1140.633
---------------------------------------------------------------------------------
---------------------------------------------------------------------------------
Start IO Insertion
---------------------------------------------------------------------------------
---------------------------------------------------------------------------------
Start Flattening Before IO Insertion
---------------------------------------------------------------------------------
---------------------------------------------------------------------------------
Finished Flattening Before IO Insertion
---------------------------------------------------------------------------------
---------------------------------------------------------------------------------
Start Final Netlist Cleanup
---------------------------------------------------------------------------------
---------------------------------------------------------------------------------
Finished Final Netlist Cleanup
---------------------------------------------------------------------------------
---------------------------------------------------------------------------------
Finished IO Insertion : Time (s): cpu = 00:01:06 ; elapsed = 00:01:15 . Memory (MB): peak = 2765.125 ; gain = 1326.879
---------------------------------------------------------------------------------
---------------------------------------------------------------------------------
Start Renaming Generated Instances
---------------------------------------------------------------------------------
---------------------------------------------------------------------------------
Finished Renaming Generated Instances : Time (s): cpu = 00:01:06 ; elapsed = 00:01:15 . Memory (MB): peak = 2765.125 ; gain = 1326.879
---------------------------------------------------------------------------------
---------------------------------------------------------------------------------
Start Rebuilding User Hierarchy
---------------------------------------------------------------------------------
---------------------------------------------------------------------------------
Finished Rebuilding User Hierarchy : Time (s): cpu = 00:01:06 ; elapsed = 00:01:15 . Memory (MB): peak = 2765.125 ; gain = 1326.879
---------------------------------------------------------------------------------
---------------------------------------------------------------------------------
Start Renaming Generated Ports
---------------------------------------------------------------------------------
---------------------------------------------------------------------------------
Finished Renaming Generated Ports : Time (s): cpu = 00:01:06 ; elapsed = 00:01:15 . Memory (MB): peak = 2765.125 ; gain = 1326.879
---------------------------------------------------------------------------------
---------------------------------------------------------------------------------
Start Handling Custom Attributes
---------------------------------------------------------------------------------
---------------------------------------------------------------------------------
Finished Handling Custom Attributes : Time (s): cpu = 00:01:06 ; elapsed = 00:01:15 . Memory (MB): peak = 2765.125 ; gain = 1326.879
---------------------------------------------------------------------------------
---------------------------------------------------------------------------------
Start Renaming Generated Nets
---------------------------------------------------------------------------------
---------------------------------------------------------------------------------
Finished Renaming Generated Nets : Time (s): cpu = 00:01:06 ; elapsed = 00:01:15 . Memory (MB): peak = 2765.125 ; gain = 1326.879
---------------------------------------------------------------------------------
---------------------------------------------------------------------------------
Start Writing Synthesis Report
---------------------------------------------------------------------------------

Report BlackBoxes: 
+-+--------------+----------+
| |BlackBox name |Instances |
+-+--------------+----------+
+-+--------------+----------+

Report Cell Usage: 
+------+---------+------+
|      |Cell     |Count |
+------+---------+------+
|1     |CARRY8   |     2|
|2     |LUT1     |     1|
|3     |LUT2     |     9|
|4     |LUT3     |    23|
|5     |LUT4     |    58|
|6     |LUT5     |    26|
|7     |LUT6     |    33|
|8     |RAMB36E2 |     1|
|9     |FDRE     |   133|
|10    |FDSE     |     4|
+------+---------+------+
---------------------------------------------------------------------------------
Finished Writing Synthesis Report : Time (s): cpu = 00:01:06 ; elapsed = 00:01:15 . Memory (MB): peak = 2765.125 ; gain = 1326.879
---------------------------------------------------------------------------------
Synthesis finished with 0 errors, 0 critical warnings and 37 warnings.
Synthesis Optimization Runtime : Time (s): cpu = 00:00:35 ; elapsed = 00:01:00 . Memory (MB): peak = 2765.125 ; gain = 1225.336
Synthesis Optimization Complete : Time (s): cpu = 00:01:07 ; elapsed = 00:01:16 . Memory (MB): peak = 2765.125 ; gain = 1326.879
INFO: [Project 1-571] Translating synthesized netlist
Netlist sorting complete. Time (s): cpu = 00:00:00 ; elapsed = 00:00:00.019 . Memory (MB): peak = 2765.125 ; gain = 0.000
INFO: [Netlist 29-17] Analyzing 2 Unisim elements for replacement
INFO: [Netlist 29-28] Unisim Transformation completed in 0 CPU seconds
INFO: [Project 1-570] Preparing netlist for logic optimization
INFO: [Opt 31-138] Pushed 0 inverter(s) to 0 load pin(s).
Netlist sorting complete. Time (s): cpu = 00:00:00 ; elapsed = 00:00:00 . Memory (MB): peak = 2765.125 ; gain = 0.000
INFO: [Project 1-111] Unisim Transformation Summary:
No Unisim elements were transformed.

Synth Design complete | Checksum: c8ece80c
INFO: [Common 17-83] Releasing license: Synthesis
51 Infos, 76 Warnings, 0 Critical Warnings and 0 Errors encountered.
synth_design completed successfully
synth_design: Time (s): cpu = 00:01:28 ; elapsed = 00:01:41 . Memory (MB): peak = 2765.125 ; gain = 2256.621
Write ShapeDB Complete: Time (s): cpu = 00:00:00 ; elapsed = 00:00:00.003 . Memory (MB): peak = 2765.125 ; gain = 0.000
INFO: [Common 17-1381] The checkpoint 'C:/TDM_0704/TDM_0704/TDM_0704.runs/design_1_lfm_tdm_gen_0_0_synth_1/design_1_lfm_tdm_gen_0_0.dcp' has been generated.
INFO: [Coretcl 2-1648] Added synthesis output to IP cache for IP design_1_lfm_tdm_gen_0_0, cache-ID = 444f622a61412829
INFO: [Coretcl 2-1174] Renamed 7 cell refs.
Write ShapeDB Complete: Time (s): cpu = 00:00:00 ; elapsed = 00:00:00.002 . Memory (MB): peak = 2765.125 ; gain = 0.000
INFO: [Common 17-1381] The checkpoint 'C:/TDM_0704/TDM_0704/TDM_0704.runs/design_1_lfm_tdm_gen_0_0_synth_1/design_1_lfm_tdm_gen_0_0.dcp' has been generated.
INFO: [Vivado 12-24828] Executing command : report_utilization -file design_1_lfm_tdm_gen_0_0_utilization_synth.rpt -pb design_1_lfm_tdm_gen_0_0_utilization_synth.pb
INFO: [Common 17-206] Exiting Vivado at Tue Jul 14 14:24:36 2026...
