  **** HLS Build v2024.2 5238294
INFO: [HLS 200-2005] Using work_dir C:/TDM_0704/TDM_0704/lfm_tdm_gen/lfm_tdm_gen 
INFO: [HLS 200-1505] Using default flow_target 'vivado'
Resolution: For help on HLS 200-1505 see docs.xilinx.com/access/sources/dita/topic?Doc_Version=2024.2%20English&url=ug1448-hls-guidance&resourceid=200-1505.html
INFO: [HLS 200-1465] Applying ini 'syn.file=C:\TDM_0704\TDM_0704\lfm_tdm_gen\lfm_tdm_gen.cpp' from C:/TDM_0704/TDM_0704/lfm_tdm_gen/hls_config.cfg(9)
INFO: [HLS 200-10] Adding design file 'C:/TDM_0704/TDM_0704/lfm_tdm_gen/lfm_tdm_gen.cpp' to the project
INFO: [HLS 200-1465] Applying ini 'syn.file=lfm_chirp_lut.h' from C:/TDM_0704/TDM_0704/lfm_tdm_gen/hls_config.cfg(10)
INFO: [HLS 200-10] Adding design file 'C:/TDM_0704/TDM_0704/lfm_tdm_gen/lfm_chirp_lut.h' to the project
INFO: [HLS 200-1465] Applying ini 'syn.top=lfm_tdm_gen' from C:/TDM_0704/TDM_0704/lfm_tdm_gen/hls_config.cfg(7)
INFO: [HLS 200-1465] Applying ini 'flow_target=vivado' from C:/TDM_0704/TDM_0704/lfm_tdm_gen/hls_config.cfg(4)
INFO: [HLS 200-1505] Using flow_target 'vivado'
Resolution: For help on HLS 200-1505 see docs.xilinx.com/access/sources/dita/topic?Doc_Version=2024.2%20English&url=ug1448-hls-guidance&resourceid=200-1505.html
INFO: [HLS 200-1465] Applying ini 'part=xczu48dr-fsvg1517-2-e' from C:/TDM_0704/TDM_0704/lfm_tdm_gen/hls_config.cfg(1)
INFO: [HLS 200-1611] Setting target device to 'xczu48dr-fsvg1517-2-e'
INFO: [HLS 200-1465] Applying ini 'clock=10ns' from C:/TDM_0704/TDM_0704/lfm_tdm_gen/hls_config.cfg(8)
INFO: [SYN 201-201] Setting up clock 'default' with a period of 10ns.
INFO: [HLS 200-1465] Applying ini 'package.output.format=ip_catalog' from C:/TDM_0704/TDM_0704/lfm_tdm_gen/hls_config.cfg(5)
INFO: [HLS 200-111] Finished File checks and directory preparation: CPU user time: 8 seconds. CPU system time: 3 seconds. Elapsed time: 11.955 seconds; current allocated memory: 273.617 MB.
INFO: [HLS 200-10] Analyzing design file 'lfm_tdm_gen.cpp' ... 
INFO: [HLS 200-111] Finished Source Code Analysis and Preprocessing: CPU user time: 0 seconds. CPU system time: 0 seconds. Elapsed time: 10.424 seconds; current allocated memory: 276.504 MB.
INFO: [HLS 200-777] Using interface defaults for 'Vivado' flow target.
INFO: [HLS 200-1995] There were 1,145 instructions in the design after the 'Compile/Link' phase of compilation. See the Design Size Report for more details: C:/TDM_0704/TDM_0704/lfm_tdm_gen/lfm_tdm_gen/hls/syn/report/csynth_design_size.rpt
INFO: [HLS 200-1995] There were 103 instructions in the design after the 'Unroll/Inline (step 1)' phase of compilation. See the Design Size Report for more details: C:/TDM_0704/TDM_0704/lfm_tdm_gen/lfm_tdm_gen/hls/syn/report/csynth_design_size.rpt
INFO: [HLS 200-1995] There were 73 instructions in the design after the 'Unroll/Inline (step 2)' phase of compilation. See the Design Size Report for more details: C:/TDM_0704/TDM_0704/lfm_tdm_gen/lfm_tdm_gen/hls/syn/report/csynth_design_size.rpt
INFO: [HLS 200-1995] There were 66 instructions in the design after the 'Unroll/Inline (step 3)' phase of compilation. See the Design Size Report for more details: C:/TDM_0704/TDM_0704/lfm_tdm_gen/lfm_tdm_gen/hls/syn/report/csynth_design_size.rpt
INFO: [HLS 200-1995] There were 66 instructions in the design after the 'Unroll/Inline (step 4)' phase of compilation. See the Design Size Report for more details: C:/TDM_0704/TDM_0704/lfm_tdm_gen/lfm_tdm_gen/hls/syn/report/csynth_design_size.rpt
INFO: [HLS 200-1995] There were 66 instructions in the design after the 'Array/Struct (step 1)' phase of compilation. See the Design Size Report for more details: C:/TDM_0704/TDM_0704/lfm_tdm_gen/lfm_tdm_gen/hls/syn/report/csynth_design_size.rpt
INFO: [HLS 200-1995] There were 66 instructions in the design after the 'Array/Struct (step 2)' phase of compilation. See the Design Size Report for more details: C:/TDM_0704/TDM_0704/lfm_tdm_gen/lfm_tdm_gen/hls/syn/report/csynth_design_size.rpt
INFO: [HLS 200-1995] There were 66 instructions in the design after the 'Array/Struct (step 3)' phase of compilation. See the Design Size Report for more details: C:/TDM_0704/TDM_0704/lfm_tdm_gen/lfm_tdm_gen/hls/syn/report/csynth_design_size.rpt
INFO: [HLS 200-1995] There were 66 instructions in the design after the 'Array/Struct (step 4)' phase of compilation. See the Design Size Report for more details: C:/TDM_0704/TDM_0704/lfm_tdm_gen/lfm_tdm_gen/hls/syn/report/csynth_design_size.rpt
INFO: [HLS 200-1995] There were 98 instructions in the design after the 'Array/Struct (step 5)' phase of compilation. See the Design Size Report for more details: C:/TDM_0704/TDM_0704/lfm_tdm_gen/lfm_tdm_gen/hls/syn/report/csynth_design_size.rpt
INFO: [HLS 200-1995] There were 98 instructions in the design after the 'Performance (step 1)' phase of compilation. See the Design Size Report for more details: C:/TDM_0704/TDM_0704/lfm_tdm_gen/lfm_tdm_gen/hls/syn/report/csynth_design_size.rpt
INFO: [HLS 200-1995] There were 98 instructions in the design after the 'Performance (step 2)' phase of compilation. See the Design Size Report for more details: C:/TDM_0704/TDM_0704/lfm_tdm_gen/lfm_tdm_gen/hls/syn/report/csynth_design_size.rpt
INFO: [HLS 200-1995] There were 76 instructions in the design after the 'Performance (step 3)' phase of compilation. See the Design Size Report for more details: C:/TDM_0704/TDM_0704/lfm_tdm_gen/lfm_tdm_gen/hls/syn/report/csynth_design_size.rpt
INFO: [HLS 200-1995] There were 76 instructions in the design after the 'Performance (step 4)' phase of compilation. See the Design Size Report for more details: C:/TDM_0704/TDM_0704/lfm_tdm_gen/lfm_tdm_gen/hls/syn/report/csynth_design_size.rpt
INFO: [HLS 200-1995] There were 77 instructions in the design after the 'HW Transforms (step 1)' phase of compilation. See the Design Size Report for more details: C:/TDM_0704/TDM_0704/lfm_tdm_gen/lfm_tdm_gen/hls/syn/report/csynth_design_size.rpt
INFO: [HLS 200-1995] There were 81 instructions in the design after the 'HW Transforms (step 2)' phase of compilation. See the Design Size Report for more details: C:/TDM_0704/TDM_0704/lfm_tdm_gen/lfm_tdm_gen/hls/syn/report/csynth_design_size.rpt
INFO: [HLS 214-131] Inlining function 'pack_iq(ap_int<16>, ap_int<16>)' into 'lfm_tdm_gen(hls::stream<hls::axis<ap_uint<32>, 0ul, 0ul, 0ul, (unsigned char)56, false>, 0>&, ap_int<16>&, ap_int<16>&, ap_uint<2>&, ap_uint<4>&, ap_uint<16>&, ap_uint<16>&, ap_uint<1>&, ap_uint<1>&, ap_uint<1>&, ap_uint<3>&)' (lfm_tdm_gen.cpp:93:28)
INFO: [HLS 200-111] Finished Compiling Optimization and Transform: CPU user time: 0 seconds. CPU system time: 0 seconds. Elapsed time: 12.315 seconds; current allocated memory: 278.219 MB.
INFO: [HLS 200-111] Finished Checking Pragmas: CPU user time: 0 seconds. CPU system time: 0 seconds. Elapsed time: 0.011 seconds; current allocated memory: 278.219 MB.
INFO: [HLS 200-10] Starting code transformations ...
INFO: [HLS 200-111] Finished Standard Transforms: CPU user time: 0 seconds. CPU system time: 0 seconds. Elapsed time: 0.124 seconds; current allocated memory: 283.430 MB.
INFO: [HLS 200-10] Checking synthesizability ...
INFO: [HLS 200-111] Finished Checking Synthesizability: CPU user time: 0 seconds. CPU system time: 0 seconds. Elapsed time: 0.057 seconds; current allocated memory: 284.855 MB.
INFO: [HLS 200-111] Finished Loop, function and other optimizations: CPU user time: 0 seconds. CPU system time: 0 seconds. Elapsed time: 0.136 seconds; current allocated memory: 306.035 MB.
INFO: [HLS 200-2061] Successfully converted nested loops 'VITIS_LOOP_75_1'(lfm_tdm_gen.cpp:75:22) and 'VITIS_LOOP_84_2'(lfm_tdm_gen.cpp:84:26) in function 'lfm_tdm_gen' into perfectly nested loops.
INFO: [XFORM 203-541] Flattening a loop nest 'VITIS_LOOP_75_1' (lfm_tdm_gen.cpp:75:22) in function 'lfm_tdm_gen'.
INFO: [HLS 200-111] Finished Architecture Synthesis: CPU user time: 0 seconds. CPU system time: 0 seconds. Elapsed time: 0.193 seconds; current allocated memory: 306.113 MB.
INFO: [HLS 200-10] Starting hardware synthesis ...
INFO: [HLS 200-10] Synthesizing 'lfm_tdm_gen' ...
INFO: [HLS 200-10] ----------------------------------------------------------------
INFO: [HLS 200-42] -- Implementing module 'lfm_tdm_gen' 
INFO: [HLS 200-10] ----------------------------------------------------------------
INFO: [SCHED 204-11] Starting scheduling ...
INFO: [SCHED 204-61] Pipelining loop 'VITIS_LOOP_75_1_VITIS_LOOP_84_2'.
INFO: [HLS 200-1470] Pipelining result : Target II = 1, Final II = 1, Depth = 3, loop 'VITIS_LOOP_75_1_VITIS_LOOP_84_2'
INFO: [SCHED 204-11] Finished scheduling.
INFO: [HLS 200-111] Finished Scheduling: CPU user time: 0 seconds. CPU system time: 0 seconds. Elapsed time: 0.557 seconds; current allocated memory: 306.113 MB.
INFO: [BIND 205-100] Starting micro-architecture generation ...
INFO: [BIND 205-101] Performing variable lifetime analysis.
INFO: [BIND 205-101] Exploring resource sharing.
INFO: [BIND 205-101] Binding ...
INFO: [BIND 205-100] Finished micro-architecture generation.
INFO: [HLS 200-111] Finished Binding: CPU user time: 0 seconds. CPU system time: 1 seconds. Elapsed time: 0.169 seconds; current allocated memory: 306.781 MB.
INFO: [HLS 200-10] ----------------------------------------------------------------
INFO: [HLS 200-10] -- Generating RTL for module 'lfm_tdm_gen' 
INFO: [HLS 200-10] ----------------------------------------------------------------
WARNING: [RTGEN 206-101] Design contains AXI ports. Reset is fixed to synchronous and active low.
INFO: [RTGEN 206-500] Setting interface mode on port 'lfm_tdm_gen/m_axis_tx_V_data_V' to 'axis' (register, both mode).
INFO: [RTGEN 206-500] Setting interface mode on port 'lfm_tdm_gen/m_axis_tx_V_keep_V' to 'axis' (register, both mode).
INFO: [RTGEN 206-500] Setting interface mode on port 'lfm_tdm_gen/m_axis_tx_V_strb_V' to 'axis' (register, both mode).
INFO: [RTGEN 206-500] Setting interface mode on port 'lfm_tdm_gen/m_axis_tx_V_last_V' to 'axis' (register, both mode).
INFO: [RTGEN 206-500] Setting interface mode on port 'lfm_tdm_gen/dbg_lfm_i' to 'ap_none'.
WARNING: [RTGEN 206-101] Port 'dbg_lfm_i' with mode 'ap_none' may require an associated data valid signal to correctly communicate with other blocks or a test bench; automatic C/RTL co-simulation may not be able to verify such a port.
INFO: [RTGEN 206-500] Setting interface mode on port 'lfm_tdm_gen/dbg_lfm_q' to 'ap_none'.
WARNING: [RTGEN 206-101] Port 'dbg_lfm_q' with mode 'ap_none' may require an associated data valid signal to correctly communicate with other blocks or a test bench; automatic C/RTL co-simulation may not be able to verify such a port.
INFO: [RTGEN 206-500] Setting interface mode on port 'lfm_tdm_gen/dbg_tx_sel' to 'ap_none'.
WARNING: [RTGEN 206-101] Port 'dbg_tx_sel' with mode 'ap_none' may require an associated data valid signal to correctly communicate with other blocks or a test bench; automatic C/RTL co-simulation may not be able to verify such a port.
INFO: [RTGEN 206-500] Setting interface mode on port 'lfm_tdm_gen/dbg_tx_active' to 'ap_none'.
WARNING: [RTGEN 206-101] Port 'dbg_tx_active' with mode 'ap_none' may require an associated data valid signal to correctly communicate with other blocks or a test bench; automatic C/RTL co-simulation may not be able to verify such a port.
INFO: [RTGEN 206-500] Setting interface mode on port 'lfm_tdm_gen/dbg_chirp_count' to 'ap_none'.
WARNING: [RTGEN 206-101] Port 'dbg_chirp_count' with mode 'ap_none' may require an associated data valid signal to correctly communicate with other blocks or a test bench; automatic C/RTL co-simulation may not be able to verify such a port.
INFO: [RTGEN 206-500] Setting interface mode on port 'lfm_tdm_gen/dbg_sample_count' to 'ap_none'.
WARNING: [RTGEN 206-101] Port 'dbg_sample_count' with mode 'ap_none' may require an associated data valid signal to correctly communicate with other blocks or a test bench; automatic C/RTL co-simulation may not be able to verify such a port.
INFO: [RTGEN 206-500] Setting interface mode on port 'lfm_tdm_gen/dbg_chirp_start' to 'ap_none'.
WARNING: [RTGEN 206-101] Port 'dbg_chirp_start' with mode 'ap_none' may require an associated data valid signal to correctly communicate with other blocks or a test bench; automatic C/RTL co-simulation may not be able to verify such a port.
INFO: [RTGEN 206-500] Setting interface mode on port 'lfm_tdm_gen/dbg_chirp_end' to 'ap_none'.
WARNING: [RTGEN 206-101] Port 'dbg_chirp_end' with mode 'ap_none' may require an associated data valid signal to correctly communicate with other blocks or a test bench; automatic C/RTL co-simulation may not be able to verify such a port.
INFO: [RTGEN 206-500] Setting interface mode on port 'lfm_tdm_gen/dbg_enable' to 'ap_none'.
WARNING: [RTGEN 206-101] Port 'dbg_enable' with mode 'ap_none' may require an associated data valid signal to correctly communicate with other blocks or a test bench; automatic C/RTL co-simulation may not be able to verify such a port.
INFO: [RTGEN 206-500] Setting interface mode on port 'lfm_tdm_gen/dbg_state' to 'ap_none'.
WARNING: [RTGEN 206-101] Port 'dbg_state' with mode 'ap_none' may require an associated data valid signal to correctly communicate with other blocks or a test bench; automatic C/RTL co-simulation may not be able to verify such a port.
INFO: [RTGEN 206-500] Setting interface mode on function 'lfm_tdm_gen' to 's_axilite & ap_ctrl_hs'.
INFO: [HLS 200-1030] Apply Unified Pipeline Control on module 'lfm_tdm_gen' pipeline 'VITIS_LOOP_75_1_VITIS_LOOP_84_2' pipeline type 'loop pipeline'
INFO: [RTGEN 206-100] Bundling port 'return' to AXI-Lite port CTRL.
INFO: [RTGEN 206-100] Finished creating RTL model for 'lfm_tdm_gen'.
INFO: [RTMG 210-279] Implementing memory 'lfm_tdm_gen_LFM_IQ_LUT_ROM_AUTO_1R' using auto ROMs.
INFO: [HLS 200-111] Finished Creating RTL model: CPU user time: 0 seconds. CPU system time: 0 seconds. Elapsed time: 1.2 seconds; current allocated memory: 309.137 MB.
INFO: [HLS 200-111] Finished Generating all RTL models: CPU user time: 1 seconds. CPU system time: 0 seconds. Elapsed time: 1.449 seconds; current allocated memory: 313.113 MB.
INFO: [HLS 200-111] Finished Updating report files: CPU user time: 1 seconds. CPU system time: 1 seconds. Elapsed time: 3.098 seconds; current allocated memory: 316.684 MB.
INFO: [VHDL 208-304] Generating VHDL RTL for lfm_tdm_gen.
INFO: [VLOG 209-307] Generating Verilog RTL for lfm_tdm_gen.
INFO: [HLS 200-790] **** Loop Constraint Status: All loop constraints were satisfied.
INFO: [HLS 200-789] **** Estimated Fmax: 414.59 MHz
INFO: [HLS 200-112] Total CPU user time: 11 seconds. Total CPU system time: 5 seconds. Total elapsed time: 41.966 seconds; peak allocated memory: 317.098 MB.
INFO: [v++ 60-791] Total elapsed time: 0h 0m 50s
