C:\TDM_0704\TDM_0704\iq_to_real\iq_to_real\hls\.autopilot\db\iq_to_real.pp.0.cpp:2386:5: warning: Added loop label VITIS_LOOP_676_1:   [xilinx-label-all-loops]
    for (unsigned i = low; i != high+1; ++i) {
    ^~~
    VITIS_LOOP_676_1: 
C:\TDM_0704\TDM_0704\iq_to_real\iq_to_real\hls\.autopilot\db\iq_to_real.pp.0.cpp:2386:5: note: FIX-IT applied suggested code changes
C:\TDM_0704\TDM_0704\iq_to_real\iq_to_real\hls\.autopilot\db\iq_to_real.pp.0.cpp:2400:5: warning: Added loop label VITIS_LOOP_690_1:   [xilinx-label-all-loops]
    for (unsigned i = low; i != high+1; ++i) {
    ^~~
    VITIS_LOOP_690_1: 
C:\TDM_0704\TDM_0704\iq_to_real\iq_to_real\hls\.autopilot\db\iq_to_real.pp.0.cpp:2400:5: note: FIX-IT applied suggested code changes
C:\TDM_0704\TDM_0704\iq_to_real\iq_to_real\hls\.autopilot\db\iq_to_real.pp.0.cpp:2414:5: warning: Added loop label VITIS_LOOP_704_1:   [xilinx-label-all-loops]
    for (unsigned i = low; i != high+1; ++i) {
    ^~~
    VITIS_LOOP_704_1: 
C:\TDM_0704\TDM_0704\iq_to_real\iq_to_real\hls\.autopilot\db\iq_to_real.pp.0.cpp:2414:5: note: FIX-IT applied suggested code changes
C:\TDM_0704\TDM_0704\iq_to_real\iq_to_real\hls\.autopilot\db\iq_to_real.pp.0.cpp:4048:7: warning: Added loop label VITIS_LOOP_1248_1:   [xilinx-label-all-loops]
      for (i = 0; i < __N - 1; ++i) {
      ^~~
      VITIS_LOOP_1248_1: 
C:\TDM_0704\TDM_0704\iq_to_real\iq_to_real\hls\.autopilot\db\iq_to_real.pp.0.cpp:4048:7: note: FIX-IT applied suggested code changes
