07/17/26 19:23:40: Running xcd server. This server was built by gradle.
07/17/26 19:23:40: Server was asked to start on port: '57840'
07/17/26 19:23:40: Server is using token UUID: 'b989ad87-0d7e-4a33-816d-71e606cf8e9d'
07/17/26 19:23:40: SESSION_MGR: creating session with session uuid: '6d04a3e9-ade5-4ab9-8d63-1f78fcd2ec76' and name 'default'
07/17/26 19:23:40: Attempting to start server on port '57840'
07/17/26 19:23:40: Running Dispatch Server
07/17/26 19:23:40: Version 2.2.0
07/17/26 19:23:41: Dispatch Server: Accepted socket connection from client
07/17/26 19:23:41: Starting Socket connection
07/17/26 19:23:41: EXCHANGE_TOKEN received, server token: b989ad87-0d7e-4a33-816d-71e606cf8e9d, passed token: b989ad87-0d7e-4a33-816d-71e606cf8e9d
07/17/26 19:23:42: DISPATCH_HANDLER: Adding handler from function makeHandler in library xv_system_diagram
07/17/26 19:23:42: SESSION_MGR: creating session with session uuid: '7084538d-8583-4f40-a759-7bc23893fc25' and name 'v++_compile_adc_packetizer'
07/17/26 19:23:42: KERNEL_SVC: creating session with uuid: '7084538d-8583-4f40-a759-7bc23893fc25' and name 'v++_compile_adc_packetizer'
07/17/26 19:23:42: GUIDANCE_SMGR: creating guidance session with uuid: '7084538d-8583-4f40-a759-7bc23893fc25' and name 'v++_compile_adc_packetizer'
07/17/26 19:23:42: SYSTEM_DIAGRAM: creating session with uuid: '7084538d-8583-4f40-a759-7bc23893fc25' and name 'v++_compile_adc_packetizer'
07/17/26 19:23:54: Dispatch Server: Accepted socket connection from client
07/17/26 19:23:54: Starting Socket connection
07/17/26 19:24:18: SESSION_MGR: closing session for UUID '7084538d-8583-4f40-a759-7bc23893fc25' with name 'v++_compile_adc_packetizer'
07/17/26 19:24:18: KERNEL_SVC: closing session for UUID '7084538d-8583-4f40-a759-7bc23893fc25' with name 'v++_compile_adc_packetizer'
07/17/26 19:24:18: GUIDANCE_SMGR: closing session for UUID '7084538d-8583-4f40-a759-7bc23893fc25' with name 'v++_compile_adc_packetizer'
07/17/26 19:24:18: SYSTEM_DIAGRAM: closing session for UUID '7084538d-8583-4f40-a759-7bc23893fc25' with name 'v++_compile_adc_packetizer'
07/17/26 19:24:18: STOP_SERVER received, server token: b989ad87-0d7e-4a33-816d-71e606cf8e9d, passed token: b989ad87-0d7e-4a33-816d-71e606cf8e9d
07/17/26 19:24:18: Socket received request to stop server.
07/17/26 19:24:18: Dispatch Server: do_await_stop
07/17/26 19:24:18: SERVER: destructor for server bound to port 57840
07/17/26 19:24:48: Running xcd server. This server was built by gradle.
07/17/26 19:24:48: Server was asked to start on port: '56046'
07/17/26 19:24:48: Server is using token UUID: '5bc85c55-21f9-4787-adab-073c6c3ee907'
07/17/26 19:24:48: SESSION_MGR: creating session with session uuid: '6d04a3e9-ade5-4ab9-8d63-1f78fcd2ec76' and name 'default'
07/17/26 19:24:48: Attempting to start server on port '56046'
07/17/26 19:24:48: Running Dispatch Server
07/17/26 19:24:48: Version 2.2.0
07/17/26 19:24:49: Dispatch Server: Accepted socket connection from client
07/17/26 19:24:49: Starting Socket connection
07/17/26 19:24:49: EXCHANGE_TOKEN received, server token: 5bc85c55-21f9-4787-adab-073c6c3ee907, passed token: 5bc85c55-21f9-4787-adab-073c6c3ee907
07/17/26 19:24:50: DISPATCH_HANDLER: Adding handler from function makeHandler in library xv_system_diagram
07/17/26 19:24:50: SESSION_MGR: creating session with session uuid: '9b82d098-e606-47d9-ab92-6dde0d4147d5' and name 'vitis-run_compile_adc_packetizer'
07/17/26 19:24:50: KERNEL_SVC: creating session with uuid: '9b82d098-e606-47d9-ab92-6dde0d4147d5' and name 'vitis-run_compile_adc_packetizer'
07/17/26 19:24:50: GUIDANCE_SMGR: creating guidance session with uuid: '9b82d098-e606-47d9-ab92-6dde0d4147d5' and name 'vitis-run_compile_adc_packetizer'
07/17/26 19:24:50: SYSTEM_DIAGRAM: creating session with uuid: '9b82d098-e606-47d9-ab92-6dde0d4147d5' and name 'vitis-run_compile_adc_packetizer'
07/17/26 19:25:02: Dispatch Server: Accepted socket connection from client
07/17/26 19:25:02: Starting Socket connection
07/17/26 19:25:24: SESSION_MGR: closing session for UUID '9b82d098-e606-47d9-ab92-6dde0d4147d5' with name 'vitis-run_compile_adc_packetizer'
07/17/26 19:25:24: KERNEL_SVC: closing session for UUID '9b82d098-e606-47d9-ab92-6dde0d4147d5' with name 'vitis-run_compile_adc_packetizer'
07/17/26 19:25:24: GUIDANCE_SMGR: closing session for UUID '9b82d098-e606-47d9-ab92-6dde0d4147d5' with name 'vitis-run_compile_adc_packetizer'
07/17/26 19:25:24: SYSTEM_DIAGRAM: closing session for UUID '9b82d098-e606-47d9-ab92-6dde0d4147d5' with name 'vitis-run_compile_adc_packetizer'
07/17/26 19:25:24: STOP_SERVER received, server token: 5bc85c55-21f9-4787-adab-073c6c3ee907, passed token: 5bc85c55-21f9-4787-adab-073c6c3ee907
07/17/26 19:25:24: Socket received request to stop server.
07/17/26 19:25:24: Dispatch Server: do_await_stop
07/17/26 19:25:24: SERVER: destructor for server bound to port 56046
