
*** Running vivado
    with args -log design_1_ila_0_0.vds -m64 -product Vivado -mode batch -messageDb vivado.pb -notrace -source design_1_ila_0_0.tcl



****** Vivado v2024.2 (64-bit)
  **** SW Build 5239630 on Fri Nov 08 22:35:27 MST 2024
  **** IP Build 5239520 on Sun Nov 10 16:12:51 MST 2024
  **** SharedData Build 5239561 on Fri Nov 08 14:39:27 MST 2024
  **** Start of session at: Wed Jul  8 20:28:40 2026
    ** Copyright 1986-2022 Xilinx, Inc. All Rights Reserved.
    ** Copyright 2022-2024 Advanced Micro Devices, Inc. All Rights Reserved.

source design_1_ila_0_0.tcl -notrace
create_project: Time (s): cpu = 00:00:13 ; elapsed = 00:00:15 . Memory (MB): peak = 445.703 ; gain = 120.340
INFO: [IP_Flow 19-234] Refreshing IP repositories
INFO: [IP_Flow 19-1700] Loaded user IP repository 'c:/TDM_0704/radar_beamformer_ip/radar_beamformer_ip/hls/impl/ip'.
INFO: [IP_Flow 19-1700] Loaded user IP repository 'c:/TDM_0704/TDM_0704/lfm_tdm_gen/lfm_tdm_gen/hls/impl/ip'.
INFO: [IP_Flow 19-2313] Loaded Vivado IP repository 'C:/Xilinx/Vivado/2024.2/data/ip'.
INFO: [IP_Flow 19-6924] IPCACHE: Running cache check for IP inst: design_1_ila_0_0
Command: synth_design -top design_1_ila_0_0 -part xczu48dr-fsvg1517-2-e -incremental_mode off -mode out_of_context
Starting synth_design
Attempting to get a license for feature 'Synthesis' and/or device 'xczu48dr'
INFO: [Common 17-349] Got license for feature 'Synthesis' and/or device 'xczu48dr'
INFO: [Device 21-403] Loading part xczu48dr-fsvg1517-2-e
INFO: [Synth 8-7079] Multithreading enabled for synth_design using a maximum of 2 processes.
INFO: [Synth 8-7078] Launching helper process for spawning children vivado processes
INFO: [Synth 8-7075] Helper process launched with PID 15652
---------------------------------------------------------------------------------
Starting RTL Elaboration : Time (s): cpu = 00:00:43 ; elapsed = 00:00:52 . Memory (MB): peak = 1849.426 ; gain = 379.586
---------------------------------------------------------------------------------
INFO: [Synth 8-11241] undeclared symbol 'tms_int', assumed default net type 'wire' [c:/TDM_0704/TDM_0704/TDM_0704.gen/sources_1/bd/design_1/ipshared/52c0/hdl/verilog/xsdbm_v3_0_3_bs_core_ext.vh:30]
INFO: [Synth 8-11241] undeclared symbol 'runtest_int', assumed default net type 'wire' [c:/TDM_0704/TDM_0704/TDM_0704.gen/sources_1/bd/design_1/ipshared/52c0/hdl/verilog/xsdbm_v3_0_3_bs_core_ext.vh:32]
INFO: [Synth 8-11241] undeclared symbol 'tms_int', assumed default net type 'wire' [c:/TDM_0704/TDM_0704/TDM_0704.gen/sources_1/bd/design_1/ipshared/52c0/hdl/verilog/xsdbm_v3_0_3_bs_core_ext.vh:69]
INFO: [Synth 8-11241] undeclared symbol 'runtest_int', assumed default net type 'wire' [c:/TDM_0704/TDM_0704/TDM_0704.gen/sources_1/bd/design_1/ipshared/52c0/hdl/verilog/xsdbm_v3_0_3_bs_core_ext.vh:71]
INFO: [Synth 8-11241] undeclared symbol 'tms_int', assumed default net type 'wire' [c:/TDM_0704/TDM_0704/TDM_0704.gen/sources_1/bd/design_1/ipshared/52c0/hdl/verilog/xsdbm_v3_0_3_bs_core_ext.vh:109]
INFO: [Synth 8-11241] undeclared symbol 'runtest_int', assumed default net type 'wire' [c:/TDM_0704/TDM_0704/TDM_0704.gen/sources_1/bd/design_1/ipshared/52c0/hdl/verilog/xsdbm_v3_0_3_bs_core_ext.vh:111]
INFO: [Synth 8-11241] undeclared symbol 'tms_int', assumed default net type 'wire' [c:/TDM_0704/TDM_0704/TDM_0704.gen/sources_1/bd/design_1/ipshared/52c0/hdl/verilog/xsdbm_v3_0_3_bs_core_ext.vh:150]
INFO: [Synth 8-11241] undeclared symbol 'runtest_int', assumed default net type 'wire' [c:/TDM_0704/TDM_0704/TDM_0704.gen/sources_1/bd/design_1/ipshared/52c0/hdl/verilog/xsdbm_v3_0_3_bs_core_ext.vh:152]
INFO: [Synth 8-11241] undeclared symbol 'tms_int', assumed default net type 'wire' [c:/TDM_0704/TDM_0704/TDM_0704.gen/sources_1/bd/design_1/ipshared/52c0/hdl/verilog/xsdbm_v3_0_3_bs_core_ext.vh:192]
INFO: [Synth 8-11241] undeclared symbol 'runtest_int', assumed default net type 'wire' [c:/TDM_0704/TDM_0704/TDM_0704.gen/sources_1/bd/design_1/ipshared/52c0/hdl/verilog/xsdbm_v3_0_3_bs_core_ext.vh:194]
INFO: [Synth 8-11241] undeclared symbol 'tms_int', assumed default net type 'wire' [c:/TDM_0704/TDM_0704/TDM_0704.gen/sources_1/bd/design_1/ipshared/52c0/hdl/verilog/xsdbm_v3_0_3_bs_core_ext.vh:235]
INFO: [Synth 8-11241] undeclared symbol 'runtest_int', assumed default net type 'wire' [c:/TDM_0704/TDM_0704/TDM_0704.gen/sources_1/bd/design_1/ipshared/52c0/hdl/verilog/xsdbm_v3_0_3_bs_core_ext.vh:237]
INFO: [Synth 8-11241] undeclared symbol 'tms_int', assumed default net type 'wire' [c:/TDM_0704/TDM_0704/TDM_0704.gen/sources_1/bd/design_1/ipshared/52c0/hdl/verilog/xsdbm_v3_0_3_bs_core_ext.vh:279]
INFO: [Synth 8-11241] undeclared symbol 'runtest_int', assumed default net type 'wire' [c:/TDM_0704/TDM_0704/TDM_0704.gen/sources_1/bd/design_1/ipshared/52c0/hdl/verilog/xsdbm_v3_0_3_bs_core_ext.vh:281]
INFO: [Synth 8-11241] undeclared symbol 'tms_int', assumed default net type 'wire' [c:/TDM_0704/TDM_0704/TDM_0704.gen/sources_1/bd/design_1/ipshared/52c0/hdl/verilog/xsdbm_v3_0_3_bs_core_ext.vh:324]
INFO: [Synth 8-11241] undeclared symbol 'runtest_int', assumed default net type 'wire' [c:/TDM_0704/TDM_0704/TDM_0704.gen/sources_1/bd/design_1/ipshared/52c0/hdl/verilog/xsdbm_v3_0_3_bs_core_ext.vh:326]
INFO: [Synth 8-11241] undeclared symbol 'tms_int', assumed default net type 'wire' [c:/TDM_0704/TDM_0704/TDM_0704.gen/sources_1/bd/design_1/ipshared/52c0/hdl/verilog/xsdbm_v3_0_3_bs_core_ext.vh:370]
INFO: [Synth 8-11241] undeclared symbol 'runtest_int', assumed default net type 'wire' [c:/TDM_0704/TDM_0704/TDM_0704.gen/sources_1/bd/design_1/ipshared/52c0/hdl/verilog/xsdbm_v3_0_3_bs_core_ext.vh:372]
INFO: [Synth 8-11241] undeclared symbol 'tms_int', assumed default net type 'wire' [c:/TDM_0704/TDM_0704/TDM_0704.gen/sources_1/bd/design_1/ipshared/52c0/hdl/verilog/xsdbm_v3_0_3_bs_core_ext.vh:417]
INFO: [Synth 8-11241] undeclared symbol 'runtest_int', assumed default net type 'wire' [c:/TDM_0704/TDM_0704/TDM_0704.gen/sources_1/bd/design_1/ipshared/52c0/hdl/verilog/xsdbm_v3_0_3_bs_core_ext.vh:419]
INFO: [Synth 8-11241] undeclared symbol 'tms_int', assumed default net type 'wire' [c:/TDM_0704/TDM_0704/TDM_0704.gen/sources_1/bd/design_1/ipshared/52c0/hdl/verilog/xsdbm_v3_0_3_bs_core_ext.vh:465]
INFO: [Synth 8-11241] undeclared symbol 'runtest_int', assumed default net type 'wire' [c:/TDM_0704/TDM_0704/TDM_0704.gen/sources_1/bd/design_1/ipshared/52c0/hdl/verilog/xsdbm_v3_0_3_bs_core_ext.vh:467]
INFO: [Synth 8-11241] undeclared symbol 'tms_int', assumed default net type 'wire' [c:/TDM_0704/TDM_0704/TDM_0704.gen/sources_1/bd/design_1/ipshared/52c0/hdl/verilog/xsdbm_v3_0_3_bs_core_ext.vh:514]
INFO: [Synth 8-11241] undeclared symbol 'runtest_int', assumed default net type 'wire' [c:/TDM_0704/TDM_0704/TDM_0704.gen/sources_1/bd/design_1/ipshared/52c0/hdl/verilog/xsdbm_v3_0_3_bs_core_ext.vh:516]
INFO: [Synth 8-11241] undeclared symbol 'tms_int', assumed default net type 'wire' [c:/TDM_0704/TDM_0704/TDM_0704.gen/sources_1/bd/design_1/ipshared/52c0/hdl/verilog/xsdbm_v3_0_3_bs_core_ext.vh:564]
INFO: [Synth 8-11241] undeclared symbol 'runtest_int', assumed default net type 'wire' [c:/TDM_0704/TDM_0704/TDM_0704.gen/sources_1/bd/design_1/ipshared/52c0/hdl/verilog/xsdbm_v3_0_3_bs_core_ext.vh:566]
INFO: [Synth 8-11241] undeclared symbol 'tms_int', assumed default net type 'wire' [c:/TDM_0704/TDM_0704/TDM_0704.gen/sources_1/bd/design_1/ipshared/52c0/hdl/verilog/xsdbm_v3_0_3_bs_core_ext.vh:615]
INFO: [Synth 8-11241] undeclared symbol 'runtest_int', assumed default net type 'wire' [c:/TDM_0704/TDM_0704/TDM_0704.gen/sources_1/bd/design_1/ipshared/52c0/hdl/verilog/xsdbm_v3_0_3_bs_core_ext.vh:617]
INFO: [Synth 8-11241] undeclared symbol 'tms_int', assumed default net type 'wire' [c:/TDM_0704/TDM_0704/TDM_0704.gen/sources_1/bd/design_1/ipshared/52c0/hdl/verilog/xsdbm_v3_0_3_bs_core.vh:30]
INFO: [Synth 8-11241] undeclared symbol 'runtest_int', assumed default net type 'wire' [c:/TDM_0704/TDM_0704/TDM_0704.gen/sources_1/bd/design_1/ipshared/52c0/hdl/verilog/xsdbm_v3_0_3_bs_core.vh:32]
INFO: [Synth 8-11241] undeclared symbol 'tms_int', assumed default net type 'wire' [c:/TDM_0704/TDM_0704/TDM_0704.gen/sources_1/bd/design_1/ipshared/52c0/hdl/verilog/xsdbm_v3_0_3_bs_core.vh:69]
INFO: [Synth 8-11241] undeclared symbol 'runtest_int', assumed default net type 'wire' [c:/TDM_0704/TDM_0704/TDM_0704.gen/sources_1/bd/design_1/ipshared/52c0/hdl/verilog/xsdbm_v3_0_3_bs_core.vh:71]
INFO: [Synth 8-11241] undeclared symbol 'tms_int', assumed default net type 'wire' [c:/TDM_0704/TDM_0704/TDM_0704.gen/sources_1/bd/design_1/ipshared/52c0/hdl/verilog/xsdbm_v3_0_3_bs_core.vh:109]
INFO: [Synth 8-11241] undeclared symbol 'runtest_int', assumed default net type 'wire' [c:/TDM_0704/TDM_0704/TDM_0704.gen/sources_1/bd/design_1/ipshared/52c0/hdl/verilog/xsdbm_v3_0_3_bs_core.vh:111]
INFO: [Synth 8-11241] undeclared symbol 'tms_int', assumed default net type 'wire' [c:/TDM_0704/TDM_0704/TDM_0704.gen/sources_1/bd/design_1/ipshared/52c0/hdl/verilog/xsdbm_v3_0_3_bs_core.vh:150]
INFO: [Synth 8-11241] undeclared symbol 'runtest_int', assumed default net type 'wire' [c:/TDM_0704/TDM_0704/TDM_0704.gen/sources_1/bd/design_1/ipshared/52c0/hdl/verilog/xsdbm_v3_0_3_bs_core.vh:152]
INFO: [Synth 8-11241] undeclared symbol 'tms_int', assumed default net type 'wire' [c:/TDM_0704/TDM_0704/TDM_0704.gen/sources_1/bd/design_1/ipshared/52c0/hdl/verilog/xsdbm_v3_0_3_bs_core.vh:192]
INFO: [Synth 8-11241] undeclared symbol 'runtest_int', assumed default net type 'wire' [c:/TDM_0704/TDM_0704/TDM_0704.gen/sources_1/bd/design_1/ipshared/52c0/hdl/verilog/xsdbm_v3_0_3_bs_core.vh:194]
INFO: [Synth 8-11241] undeclared symbol 'tms_int', assumed default net type 'wire' [c:/TDM_0704/TDM_0704/TDM_0704.gen/sources_1/bd/design_1/ipshared/52c0/hdl/verilog/xsdbm_v3_0_3_bs_core.vh:235]
INFO: [Synth 8-11241] undeclared symbol 'runtest_int', assumed default net type 'wire' [c:/TDM_0704/TDM_0704/TDM_0704.gen/sources_1/bd/design_1/ipshared/52c0/hdl/verilog/xsdbm_v3_0_3_bs_core.vh:237]
INFO: [Synth 8-11241] undeclared symbol 'tms_int', assumed default net type 'wire' [c:/TDM_0704/TDM_0704/TDM_0704.gen/sources_1/bd/design_1/ipshared/52c0/hdl/verilog/xsdbm_v3_0_3_bs_core.vh:279]
INFO: [Synth 8-11241] undeclared symbol 'runtest_int', assumed default net type 'wire' [c:/TDM_0704/TDM_0704/TDM_0704.gen/sources_1/bd/design_1/ipshared/52c0/hdl/verilog/xsdbm_v3_0_3_bs_core.vh:281]
INFO: [Synth 8-11241] undeclared symbol 'tms_int', assumed default net type 'wire' [c:/TDM_0704/TDM_0704/TDM_0704.gen/sources_1/bd/design_1/ipshared/52c0/hdl/verilog/xsdbm_v3_0_3_bs_core.vh:324]
INFO: [Synth 8-11241] undeclared symbol 'runtest_int', assumed default net type 'wire' [c:/TDM_0704/TDM_0704/TDM_0704.gen/sources_1/bd/design_1/ipshared/52c0/hdl/verilog/xsdbm_v3_0_3_bs_core.vh:326]
INFO: [Synth 8-11241] undeclared symbol 'tms_int', assumed default net type 'wire' [c:/TDM_0704/TDM_0704/TDM_0704.gen/sources_1/bd/design_1/ipshared/52c0/hdl/verilog/xsdbm_v3_0_3_bs_core.vh:370]
INFO: [Synth 8-11241] undeclared symbol 'runtest_int', assumed default net type 'wire' [c:/TDM_0704/TDM_0704/TDM_0704.gen/sources_1/bd/design_1/ipshared/52c0/hdl/verilog/xsdbm_v3_0_3_bs_core.vh:372]
INFO: [Synth 8-11241] undeclared symbol 'tms_int', assumed default net type 'wire' [c:/TDM_0704/TDM_0704/TDM_0704.gen/sources_1/bd/design_1/ipshared/52c0/hdl/verilog/xsdbm_v3_0_3_bs_core.vh:417]
INFO: [Synth 8-11241] undeclared symbol 'runtest_int', assumed default net type 'wire' [c:/TDM_0704/TDM_0704/TDM_0704.gen/sources_1/bd/design_1/ipshared/52c0/hdl/verilog/xsdbm_v3_0_3_bs_core.vh:419]
INFO: [Synth 8-11241] undeclared symbol 'tms_int', assumed default net type 'wire' [c:/TDM_0704/TDM_0704/TDM_0704.gen/sources_1/bd/design_1/ipshared/52c0/hdl/verilog/xsdbm_v3_0_3_bs_core.vh:465]
INFO: [Synth 8-11241] undeclared symbol 'runtest_int', assumed default net type 'wire' [c:/TDM_0704/TDM_0704/TDM_0704.gen/sources_1/bd/design_1/ipshared/52c0/hdl/verilog/xsdbm_v3_0_3_bs_core.vh:467]
INFO: [Synth 8-11241] undeclared symbol 'tms_int', assumed default net type 'wire' [c:/TDM_0704/TDM_0704/TDM_0704.gen/sources_1/bd/design_1/ipshared/52c0/hdl/verilog/xsdbm_v3_0_3_bs_core.vh:514]
INFO: [Synth 8-11241] undeclared symbol 'runtest_int', assumed default net type 'wire' [c:/TDM_0704/TDM_0704/TDM_0704.gen/sources_1/bd/design_1/ipshared/52c0/hdl/verilog/xsdbm_v3_0_3_bs_core.vh:516]
INFO: [Synth 8-11241] undeclared symbol 'tms_int', assumed default net type 'wire' [c:/TDM_0704/TDM_0704/TDM_0704.gen/sources_1/bd/design_1/ipshared/52c0/hdl/verilog/xsdbm_v3_0_3_bs_core.vh:564]
INFO: [Synth 8-11241] undeclared symbol 'runtest_int', assumed default net type 'wire' [c:/TDM_0704/TDM_0704/TDM_0704.gen/sources_1/bd/design_1/ipshared/52c0/hdl/verilog/xsdbm_v3_0_3_bs_core.vh:566]
INFO: [Synth 8-11241] undeclared symbol 'tms_int', assumed default net type 'wire' [c:/TDM_0704/TDM_0704/TDM_0704.gen/sources_1/bd/design_1/ipshared/52c0/hdl/verilog/xsdbm_v3_0_3_bs_core.vh:615]
INFO: [Synth 8-11241] undeclared symbol 'runtest_int', assumed default net type 'wire' [c:/TDM_0704/TDM_0704/TDM_0704.gen/sources_1/bd/design_1/ipshared/52c0/hdl/verilog/xsdbm_v3_0_3_bs_core.vh:617]
INFO: [Synth 8-11241] undeclared symbol 'tms_int', assumed default net type 'wire' [c:/TDM_0704/TDM_0704/TDM_0704.gen/sources_1/bd/design_1/ipshared/52c0/hdl/verilog/xsdbm_v3_0_3_bs_core_vec.vh:30]
INFO: [Synth 8-11241] undeclared symbol 'runtest_int', assumed default net type 'wire' [c:/TDM_0704/TDM_0704/TDM_0704.gen/sources_1/bd/design_1/ipshared/52c0/hdl/verilog/xsdbm_v3_0_3_bs_core_vec.vh:32]
INFO: [Synth 8-11241] undeclared symbol 'tms_int', assumed default net type 'wire' [c:/TDM_0704/TDM_0704/TDM_0704.gen/sources_1/bd/design_1/ipshared/52c0/hdl/verilog/xsdbm_v3_0_3_bs_core_vec.vh:65]
INFO: [Synth 8-11241] undeclared symbol 'runtest_int', assumed default net type 'wire' [c:/TDM_0704/TDM_0704/TDM_0704.gen/sources_1/bd/design_1/ipshared/52c0/hdl/verilog/xsdbm_v3_0_3_bs_core_vec.vh:67]
INFO: [Synth 8-11241] undeclared symbol 'tms_int', assumed default net type 'wire' [c:/TDM_0704/TDM_0704/TDM_0704.gen/sources_1/bd/design_1/ipshared/52c0/hdl/verilog/xsdbm_v3_0_3_bs_core_vec.vh:100]
INFO: [Synth 8-11241] undeclared symbol 'runtest_int', assumed default net type 'wire' [c:/TDM_0704/TDM_0704/TDM_0704.gen/sources_1/bd/design_1/ipshared/52c0/hdl/verilog/xsdbm_v3_0_3_bs_core_vec.vh:102]
INFO: [Synth 8-11241] undeclared symbol 'tms_int', assumed default net type 'wire' [c:/TDM_0704/TDM_0704/TDM_0704.gen/sources_1/bd/design_1/ipshared/52c0/hdl/verilog/xsdbm_v3_0_3_bs_core_vec.vh:135]
INFO: [Synth 8-11241] undeclared symbol 'runtest_int', assumed default net type 'wire' [c:/TDM_0704/TDM_0704/TDM_0704.gen/sources_1/bd/design_1/ipshared/52c0/hdl/verilog/xsdbm_v3_0_3_bs_core_vec.vh:137]
INFO: [Synth 8-11241] undeclared symbol 'tms_int', assumed default net type 'wire' [c:/TDM_0704/TDM_0704/TDM_0704.gen/sources_1/bd/design_1/ipshared/52c0/hdl/verilog/xsdbm_v3_0_3_bs_core_vec.vh:170]
INFO: [Synth 8-11241] undeclared symbol 'runtest_int', assumed default net type 'wire' [c:/TDM_0704/TDM_0704/TDM_0704.gen/sources_1/bd/design_1/ipshared/52c0/hdl/verilog/xsdbm_v3_0_3_bs_core_vec.vh:172]
INFO: [Synth 8-11241] undeclared symbol 'tms_int', assumed default net type 'wire' [c:/TDM_0704/TDM_0704/TDM_0704.gen/sources_1/bd/design_1/ipshared/52c0/hdl/verilog/xsdbm_v3_0_3_bs_core_vec.vh:205]
INFO: [Synth 8-11241] undeclared symbol 'runtest_int', assumed default net type 'wire' [c:/TDM_0704/TDM_0704/TDM_0704.gen/sources_1/bd/design_1/ipshared/52c0/hdl/verilog/xsdbm_v3_0_3_bs_core_vec.vh:207]
INFO: [Synth 8-11241] undeclared symbol 'tms_int', assumed default net type 'wire' [c:/TDM_0704/TDM_0704/TDM_0704.gen/sources_1/bd/design_1/ipshared/52c0/hdl/verilog/xsdbm_v3_0_3_bs_core_vec.vh:240]
INFO: [Synth 8-11241] undeclared symbol 'runtest_int', assumed default net type 'wire' [c:/TDM_0704/TDM_0704/TDM_0704.gen/sources_1/bd/design_1/ipshared/52c0/hdl/verilog/xsdbm_v3_0_3_bs_core_vec.vh:242]
INFO: [Synth 8-11241] undeclared symbol 'tms_int', assumed default net type 'wire' [c:/TDM_0704/TDM_0704/TDM_0704.gen/sources_1/bd/design_1/ipshared/52c0/hdl/verilog/xsdbm_v3_0_3_bs_core_vec.vh:275]
INFO: [Synth 8-11241] undeclared symbol 'runtest_int', assumed default net type 'wire' [c:/TDM_0704/TDM_0704/TDM_0704.gen/sources_1/bd/design_1/ipshared/52c0/hdl/verilog/xsdbm_v3_0_3_bs_core_vec.vh:277]
INFO: [Synth 8-11241] undeclared symbol 'tms_int', assumed default net type 'wire' [c:/TDM_0704/TDM_0704/TDM_0704.gen/sources_1/bd/design_1/ipshared/52c0/hdl/verilog/xsdbm_v3_0_3_bs_core_vec.vh:310]
INFO: [Synth 8-11241] undeclared symbol 'runtest_int', assumed default net type 'wire' [c:/TDM_0704/TDM_0704/TDM_0704.gen/sources_1/bd/design_1/ipshared/52c0/hdl/verilog/xsdbm_v3_0_3_bs_core_vec.vh:312]
INFO: [Synth 8-11241] undeclared symbol 'tms_int', assumed default net type 'wire' [c:/TDM_0704/TDM_0704/TDM_0704.gen/sources_1/bd/design_1/ipshared/52c0/hdl/verilog/xsdbm_v3_0_3_bs_core_vec.vh:345]
INFO: [Synth 8-11241] undeclared symbol 'runtest_int', assumed default net type 'wire' [c:/TDM_0704/TDM_0704/TDM_0704.gen/sources_1/bd/design_1/ipshared/52c0/hdl/verilog/xsdbm_v3_0_3_bs_core_vec.vh:347]
INFO: [Synth 8-11241] undeclared symbol 'tms_int', assumed default net type 'wire' [c:/TDM_0704/TDM_0704/TDM_0704.gen/sources_1/bd/design_1/ipshared/52c0/hdl/verilog/xsdbm_v3_0_3_bs_core_vec.vh:380]
INFO: [Synth 8-11241] undeclared symbol 'runtest_int', assumed default net type 'wire' [c:/TDM_0704/TDM_0704/TDM_0704.gen/sources_1/bd/design_1/ipshared/52c0/hdl/verilog/xsdbm_v3_0_3_bs_core_vec.vh:382]
INFO: [Synth 8-11241] undeclared symbol 'tms_int', assumed default net type 'wire' [c:/TDM_0704/TDM_0704/TDM_0704.gen/sources_1/bd/design_1/ipshared/52c0/hdl/verilog/xsdbm_v3_0_3_bs_core_vec.vh:415]
INFO: [Synth 8-11241] undeclared symbol 'runtest_int', assumed default net type 'wire' [c:/TDM_0704/TDM_0704/TDM_0704.gen/sources_1/bd/design_1/ipshared/52c0/hdl/verilog/xsdbm_v3_0_3_bs_core_vec.vh:417]
INFO: [Synth 8-11241] undeclared symbol 'tms_int', assumed default net type 'wire' [c:/TDM_0704/TDM_0704/TDM_0704.gen/sources_1/bd/design_1/ipshared/52c0/hdl/verilog/xsdbm_v3_0_3_bs_core_vec.vh:450]
INFO: [Synth 8-11241] undeclared symbol 'runtest_int', assumed default net type 'wire' [c:/TDM_0704/TDM_0704/TDM_0704.gen/sources_1/bd/design_1/ipshared/52c0/hdl/verilog/xsdbm_v3_0_3_bs_core_vec.vh:452]
INFO: [Synth 8-11241] undeclared symbol 'tms_int', assumed default net type 'wire' [c:/TDM_0704/TDM_0704/TDM_0704.gen/sources_1/bd/design_1/ipshared/52c0/hdl/verilog/xsdbm_v3_0_3_bs_core_vec.vh:485]
INFO: [Synth 8-11241] undeclared symbol 'runtest_int', assumed default net type 'wire' [c:/TDM_0704/TDM_0704/TDM_0704.gen/sources_1/bd/design_1/ipshared/52c0/hdl/verilog/xsdbm_v3_0_3_bs_core_vec.vh:487]
INFO: [Synth 8-11241] undeclared symbol 'tms_int', assumed default net type 'wire' [c:/TDM_0704/TDM_0704/TDM_0704.gen/sources_1/bd/design_1/ipshared/52c0/hdl/verilog/xsdbm_v3_0_3_bs_core_vec.vh:30]
INFO: [Synth 8-11241] undeclared symbol 'runtest_int', assumed default net type 'wire' [c:/TDM_0704/TDM_0704/TDM_0704.gen/sources_1/bd/design_1/ipshared/52c0/hdl/verilog/xsdbm_v3_0_3_bs_core_vec.vh:32]
INFO: [Synth 8-11241] undeclared symbol 'tms_int', assumed default net type 'wire' [c:/TDM_0704/TDM_0704/TDM_0704.gen/sources_1/bd/design_1/ipshared/52c0/hdl/verilog/xsdbm_v3_0_3_bs_core_vec.vh:65]
INFO: [Synth 8-11241] undeclared symbol 'runtest_int', assumed default net type 'wire' [c:/TDM_0704/TDM_0704/TDM_0704.gen/sources_1/bd/design_1/ipshared/52c0/hdl/verilog/xsdbm_v3_0_3_bs_core_vec.vh:67]
INFO: [Synth 8-11241] undeclared symbol 'tms_int', assumed default net type 'wire' [c:/TDM_0704/TDM_0704/TDM_0704.gen/sources_1/bd/design_1/ipshared/52c0/hdl/verilog/xsdbm_v3_0_3_bs_core_vec.vh:100]
INFO: [Synth 8-11241] undeclared symbol 'runtest_int', assumed default net type 'wire' [c:/TDM_0704/TDM_0704/TDM_0704.gen/sources_1/bd/design_1/ipshared/52c0/hdl/verilog/xsdbm_v3_0_3_bs_core_vec.vh:102]
INFO: [Synth 8-11241] undeclared symbol 'tms_int', assumed default net type 'wire' [c:/TDM_0704/TDM_0704/TDM_0704.gen/sources_1/bd/design_1/ipshared/52c0/hdl/verilog/xsdbm_v3_0_3_bs_core_vec.vh:135]
INFO: [Synth 8-11241] undeclared symbol 'runtest_int', assumed default net type 'wire' [c:/TDM_0704/TDM_0704/TDM_0704.gen/sources_1/bd/design_1/ipshared/52c0/hdl/verilog/xsdbm_v3_0_3_bs_core_vec.vh:137]
INFO: [Synth 8-11241] undeclared symbol 'tms_int', assumed default net type 'wire' [c:/TDM_0704/TDM_0704/TDM_0704.gen/sources_1/bd/design_1/ipshared/52c0/hdl/verilog/xsdbm_v3_0_3_bs_core_vec.vh:170]
INFO: [Synth 8-11241] undeclared symbol 'runtest_int', assumed default net type 'wire' [c:/TDM_0704/TDM_0704/TDM_0704.gen/sources_1/bd/design_1/ipshared/52c0/hdl/verilog/xsdbm_v3_0_3_bs_core_vec.vh:172]
INFO: [Synth 8-11241] undeclared symbol 'tms_int', assumed default net type 'wire' [c:/TDM_0704/TDM_0704/TDM_0704.gen/sources_1/bd/design_1/ipshared/52c0/hdl/verilog/xsdbm_v3_0_3_bs_core_vec.vh:205]
INFO: [Synth 8-11241] undeclared symbol 'runtest_int', assumed default net type 'wire' [c:/TDM_0704/TDM_0704/TDM_0704.gen/sources_1/bd/design_1/ipshared/52c0/hdl/verilog/xsdbm_v3_0_3_bs_core_vec.vh:207]
INFO: [Synth 8-11241] undeclared symbol 'tms_int', assumed default net type 'wire' [c:/TDM_0704/TDM_0704/TDM_0704.gen/sources_1/bd/design_1/ipshared/52c0/hdl/verilog/xsdbm_v3_0_3_bs_core_vec.vh:240]
INFO: [Synth 8-11241] undeclared symbol 'runtest_int', assumed default net type 'wire' [c:/TDM_0704/TDM_0704/TDM_0704.gen/sources_1/bd/design_1/ipshared/52c0/hdl/verilog/xsdbm_v3_0_3_bs_core_vec.vh:242]
INFO: [Synth 8-11241] undeclared symbol 'tms_int', assumed default net type 'wire' [c:/TDM_0704/TDM_0704/TDM_0704.gen/sources_1/bd/design_1/ipshared/52c0/hdl/verilog/xsdbm_v3_0_3_bs_core_vec.vh:275]
INFO: [Synth 8-11241] undeclared symbol 'runtest_int', assumed default net type 'wire' [c:/TDM_0704/TDM_0704/TDM_0704.gen/sources_1/bd/design_1/ipshared/52c0/hdl/verilog/xsdbm_v3_0_3_bs_core_vec.vh:277]
INFO: [Common 17-14] Message 'Synth 8-11241' appears 100 times and further instances of the messages will be disabled. Use the Tcl command set_msg_config to change the current settings.
INFO: [Synth 8-6157] synthesizing module 'design_1_ila_0_0' [c:/TDM_0704/TDM_0704/TDM_0704.gen/sources_1/bd/design_1/ip/design_1_ila_0_0/synth/design_1_ila_0_0.v:48]
INFO: [Synth 8-6157] synthesizing module 'CFGLUT5' [C:/Xilinx/Vivado/2024.2/scripts/rt/data/unisim_comp_diablo.v:3129]
INFO: [Synth 8-6155] done synthesizing module 'CFGLUT5' (0#1) [C:/Xilinx/Vivado/2024.2/scripts/rt/data/unisim_comp_diablo.v:3129]
INFO: [Synth 8-6157] synthesizing module 'CARRY4' [C:/Xilinx/Vivado/2024.2/scripts/rt/data/unisim_comp_diablo.v:3092]
INFO: [Synth 8-6155] done synthesizing module 'CARRY4' (0#1) [C:/Xilinx/Vivado/2024.2/scripts/rt/data/unisim_comp_diablo.v:3092]
INFO: [Synth 8-6157] synthesizing module 'SRLC32E' [C:/Xilinx/Vivado/2024.2/scripts/rt/data/unisim_comp_diablo.v:155212]
INFO: [Synth 8-6155] done synthesizing module 'SRLC32E' (0#1) [C:/Xilinx/Vivado/2024.2/scripts/rt/data/unisim_comp_diablo.v:155212]
INFO: [Synth 8-6157] synthesizing module 'SRL16E' [C:/Xilinx/Vivado/2024.2/scripts/rt/data/unisim_comp_diablo.v:155062]
INFO: [Synth 8-6155] done synthesizing module 'SRL16E' (0#1) [C:/Xilinx/Vivado/2024.2/scripts/rt/data/unisim_comp_diablo.v:155062]
INFO: [Synth 8-6157] synthesizing module 'SRLC16E' [C:/Xilinx/Vivado/2024.2/scripts/rt/data/unisim_comp_diablo.v:155151]
INFO: [Synth 8-6155] done synthesizing module 'SRLC16E' (0#1) [C:/Xilinx/Vivado/2024.2/scripts/rt/data/unisim_comp_diablo.v:155151]
INFO: [Synth 8-6157] synthesizing module 'FDRE' [C:/Xilinx/Vivado/2024.2/scripts/rt/data/unisim_comp_diablo.v:43188]
INFO: [Synth 8-6155] done synthesizing module 'FDRE' (0#1) [C:/Xilinx/Vivado/2024.2/scripts/rt/data/unisim_comp_diablo.v:43188]
WARNING: [Synth 8-7071] port 'clk_nobuf' of module 'ila_v6_2_16_ila' is unconnected for instance 'inst' [c:/TDM_0704/TDM_0704/TDM_0704.gen/sources_1/bd/design_1/ip/design_1_ila_0_0/synth/design_1_ila_0_0.v:3225]
WARNING: [Synth 8-7071] port 'clkdiv_out' of module 'ila_v6_2_16_ila' is unconnected for instance 'inst' [c:/TDM_0704/TDM_0704/TDM_0704.gen/sources_1/bd/design_1/ip/design_1_ila_0_0/synth/design_1_ila_0_0.v:3225]
WARNING: [Synth 8-7071] port 'trig_in' of module 'ila_v6_2_16_ila' is unconnected for instance 'inst' [c:/TDM_0704/TDM_0704/TDM_0704.gen/sources_1/bd/design_1/ip/design_1_ila_0_0/synth/design_1_ila_0_0.v:3225]
WARNING: [Synth 8-7071] port 'trig_in_ack' of module 'ila_v6_2_16_ila' is unconnected for instance 'inst' [c:/TDM_0704/TDM_0704/TDM_0704.gen/sources_1/bd/design_1/ip/design_1_ila_0_0/synth/design_1_ila_0_0.v:3225]
WARNING: [Synth 8-7071] port 'trig_out' of module 'ila_v6_2_16_ila' is unconnected for instance 'inst' [c:/TDM_0704/TDM_0704/TDM_0704.gen/sources_1/bd/design_1/ip/design_1_ila_0_0/synth/design_1_ila_0_0.v:3225]
WARNING: [Synth 8-7071] port 'trig_out_ack' of module 'ila_v6_2_16_ila' is unconnected for instance 'inst' [c:/TDM_0704/TDM_0704/TDM_0704.gen/sources_1/bd/design_1/ip/design_1_ila_0_0/synth/design_1_ila_0_0.v:3225]
WARNING: [Synth 8-7023] instance 'inst' of module 'ila_v6_2_16_ila' has 1033 connections declared, but only 1027 given [c:/TDM_0704/TDM_0704/TDM_0704.gen/sources_1/bd/design_1/ip/design_1_ila_0_0/synth/design_1_ila_0_0.v:3225]
INFO: [Synth 8-6155] done synthesizing module 'design_1_ila_0_0' (0#1) [c:/TDM_0704/TDM_0704/TDM_0704.gen/sources_1/bd/design_1/ip/design_1_ila_0_0/synth/design_1_ila_0_0.v:48]
WARNING: [Synth 8-3848] Net sl_iport0 in module/entity design_1_ila_0_0 does not have driver. [c:/TDM_0704/TDM_0704/TDM_0704.gen/sources_1/bd/design_1/ip/design_1_ila_0_0/synth/design_1_ila_0_0.v:114]
WARNING: [Synth 8-7129] Port CLKB in module blk_mem_gen_v8_4_9_blk_mem_output_block is either unconnected or has no load
WARNING: [Synth 8-7129] Port DOUTA_I[72] in module blk_mem_gen_v8_4_9_blk_mem_output_block is either unconnected or has no load
WARNING: [Synth 8-7129] Port DOUTA_I[71] in module blk_mem_gen_v8_4_9_blk_mem_output_block is either unconnected or has no load
WARNING: [Synth 8-7129] Port DOUTA_I[70] in module blk_mem_gen_v8_4_9_blk_mem_output_block is either unconnected or has no load
WARNING: [Synth 8-7129] Port DOUTA_I[69] in module blk_mem_gen_v8_4_9_blk_mem_output_block is either unconnected or has no load
WARNING: [Synth 8-7129] Port DOUTA_I[68] in module blk_mem_gen_v8_4_9_blk_mem_output_block is either unconnected or has no load
WARNING: [Synth 8-7129] Port DOUTA_I[67] in module blk_mem_gen_v8_4_9_blk_mem_output_block is either unconnected or has no load
WARNING: [Synth 8-7129] Port DOUTA_I[66] in module blk_mem_gen_v8_4_9_blk_mem_output_block is either unconnected or has no load
WARNING: [Synth 8-7129] Port DOUTA_I[65] in module blk_mem_gen_v8_4_9_blk_mem_output_block is either unconnected or has no load
WARNING: [Synth 8-7129] Port DOUTA_I[64] in module blk_mem_gen_v8_4_9_blk_mem_output_block is either unconnected or has no load
WARNING: [Synth 8-7129] Port DOUTA_I[63] in module blk_mem_gen_v8_4_9_blk_mem_output_block is either unconnected or has no load
WARNING: [Synth 8-7129] Port DOUTA_I[62] in module blk_mem_gen_v8_4_9_blk_mem_output_block is either unconnected or has no load
WARNING: [Synth 8-7129] Port DOUTA_I[61] in module blk_mem_gen_v8_4_9_blk_mem_output_block is either unconnected or has no load
WARNING: [Synth 8-7129] Port DOUTA_I[60] in module blk_mem_gen_v8_4_9_blk_mem_output_block is either unconnected or has no load
WARNING: [Synth 8-7129] Port DOUTA_I[59] in module blk_mem_gen_v8_4_9_blk_mem_output_block is either unconnected or has no load
WARNING: [Synth 8-7129] Port DOUTA_I[58] in module blk_mem_gen_v8_4_9_blk_mem_output_block is either unconnected or has no load
WARNING: [Synth 8-7129] Port DOUTA_I[57] in module blk_mem_gen_v8_4_9_blk_mem_output_block is either unconnected or has no load
WARNING: [Synth 8-7129] Port DOUTA_I[56] in module blk_mem_gen_v8_4_9_blk_mem_output_block is either unconnected or has no load
WARNING: [Synth 8-7129] Port DOUTA_I[55] in module blk_mem_gen_v8_4_9_blk_mem_output_block is either unconnected or has no load
WARNING: [Synth 8-7129] Port DOUTA_I[54] in module blk_mem_gen_v8_4_9_blk_mem_output_block is either unconnected or has no load
WARNING: [Synth 8-7129] Port DOUTA_I[53] in module blk_mem_gen_v8_4_9_blk_mem_output_block is either unconnected or has no load
WARNING: [Synth 8-7129] Port DOUTA_I[52] in module blk_mem_gen_v8_4_9_blk_mem_output_block is either unconnected or has no load
WARNING: [Synth 8-7129] Port DOUTA_I[51] in module blk_mem_gen_v8_4_9_blk_mem_output_block is either unconnected or has no load
WARNING: [Synth 8-7129] Port DOUTA_I[50] in module blk_mem_gen_v8_4_9_blk_mem_output_block is either unconnected or has no load
WARNING: [Synth 8-7129] Port DOUTA_I[49] in module blk_mem_gen_v8_4_9_blk_mem_output_block is either unconnected or has no load
WARNING: [Synth 8-7129] Port DOUTA_I[48] in module blk_mem_gen_v8_4_9_blk_mem_output_block is either unconnected or has no load
WARNING: [Synth 8-7129] Port DOUTA_I[47] in module blk_mem_gen_v8_4_9_blk_mem_output_block is either unconnected or has no load
WARNING: [Synth 8-7129] Port DOUTA_I[46] in module blk_mem_gen_v8_4_9_blk_mem_output_block is either unconnected or has no load
WARNING: [Synth 8-7129] Port DOUTA_I[45] in module blk_mem_gen_v8_4_9_blk_mem_output_block is either unconnected or has no load
WARNING: [Synth 8-7129] Port DOUTA_I[44] in module blk_mem_gen_v8_4_9_blk_mem_output_block is either unconnected or has no load
WARNING: [Synth 8-7129] Port DOUTA_I[43] in module blk_mem_gen_v8_4_9_blk_mem_output_block is either unconnected or has no load
WARNING: [Synth 8-7129] Port DOUTA_I[42] in module blk_mem_gen_v8_4_9_blk_mem_output_block is either unconnected or has no load
WARNING: [Synth 8-7129] Port DOUTA_I[41] in module blk_mem_gen_v8_4_9_blk_mem_output_block is either unconnected or has no load
WARNING: [Synth 8-7129] Port DOUTA_I[40] in module blk_mem_gen_v8_4_9_blk_mem_output_block is either unconnected or has no load
WARNING: [Synth 8-7129] Port DOUTA_I[39] in module blk_mem_gen_v8_4_9_blk_mem_output_block is either unconnected or has no load
WARNING: [Synth 8-7129] Port DOUTA_I[38] in module blk_mem_gen_v8_4_9_blk_mem_output_block is either unconnected or has no load
WARNING: [Synth 8-7129] Port DOUTA_I[37] in module blk_mem_gen_v8_4_9_blk_mem_output_block is either unconnected or has no load
WARNING: [Synth 8-7129] Port DOUTA_I[36] in module blk_mem_gen_v8_4_9_blk_mem_output_block is either unconnected or has no load
WARNING: [Synth 8-7129] Port DOUTA_I[35] in module blk_mem_gen_v8_4_9_blk_mem_output_block is either unconnected or has no load
WARNING: [Synth 8-7129] Port DOUTA_I[34] in module blk_mem_gen_v8_4_9_blk_mem_output_block is either unconnected or has no load
WARNING: [Synth 8-7129] Port DOUTA_I[33] in module blk_mem_gen_v8_4_9_blk_mem_output_block is either unconnected or has no load
WARNING: [Synth 8-7129] Port DOUTA_I[32] in module blk_mem_gen_v8_4_9_blk_mem_output_block is either unconnected or has no load
WARNING: [Synth 8-7129] Port DOUTA_I[31] in module blk_mem_gen_v8_4_9_blk_mem_output_block is either unconnected or has no load
WARNING: [Synth 8-7129] Port DOUTA_I[30] in module blk_mem_gen_v8_4_9_blk_mem_output_block is either unconnected or has no load
WARNING: [Synth 8-7129] Port DOUTA_I[29] in module blk_mem_gen_v8_4_9_blk_mem_output_block is either unconnected or has no load
WARNING: [Synth 8-7129] Port DOUTA_I[28] in module blk_mem_gen_v8_4_9_blk_mem_output_block is either unconnected or has no load
WARNING: [Synth 8-7129] Port DOUTA_I[27] in module blk_mem_gen_v8_4_9_blk_mem_output_block is either unconnected or has no load
WARNING: [Synth 8-7129] Port DOUTA_I[26] in module blk_mem_gen_v8_4_9_blk_mem_output_block is either unconnected or has no load
WARNING: [Synth 8-7129] Port DOUTA_I[25] in module blk_mem_gen_v8_4_9_blk_mem_output_block is either unconnected or has no load
WARNING: [Synth 8-7129] Port DOUTA_I[24] in module blk_mem_gen_v8_4_9_blk_mem_output_block is either unconnected or has no load
WARNING: [Synth 8-7129] Port DOUTA_I[23] in module blk_mem_gen_v8_4_9_blk_mem_output_block is either unconnected or has no load
WARNING: [Synth 8-7129] Port DOUTA_I[22] in module blk_mem_gen_v8_4_9_blk_mem_output_block is either unconnected or has no load
WARNING: [Synth 8-7129] Port DOUTA_I[21] in module blk_mem_gen_v8_4_9_blk_mem_output_block is either unconnected or has no load
WARNING: [Synth 8-7129] Port DOUTA_I[20] in module blk_mem_gen_v8_4_9_blk_mem_output_block is either unconnected or has no load
WARNING: [Synth 8-7129] Port DOUTA_I[19] in module blk_mem_gen_v8_4_9_blk_mem_output_block is either unconnected or has no load
WARNING: [Synth 8-7129] Port DOUTA_I[18] in module blk_mem_gen_v8_4_9_blk_mem_output_block is either unconnected or has no load
WARNING: [Synth 8-7129] Port DOUTA_I[17] in module blk_mem_gen_v8_4_9_blk_mem_output_block is either unconnected or has no load
WARNING: [Synth 8-7129] Port DOUTA_I[16] in module blk_mem_gen_v8_4_9_blk_mem_output_block is either unconnected or has no load
WARNING: [Synth 8-7129] Port DOUTA_I[15] in module blk_mem_gen_v8_4_9_blk_mem_output_block is either unconnected or has no load
WARNING: [Synth 8-7129] Port DOUTA_I[14] in module blk_mem_gen_v8_4_9_blk_mem_output_block is either unconnected or has no load
WARNING: [Synth 8-7129] Port DOUTA_I[13] in module blk_mem_gen_v8_4_9_blk_mem_output_block is either unconnected or has no load
WARNING: [Synth 8-7129] Port DOUTA_I[12] in module blk_mem_gen_v8_4_9_blk_mem_output_block is either unconnected or has no load
WARNING: [Synth 8-7129] Port DOUTA_I[11] in module blk_mem_gen_v8_4_9_blk_mem_output_block is either unconnected or has no load
WARNING: [Synth 8-7129] Port DOUTA_I[10] in module blk_mem_gen_v8_4_9_blk_mem_output_block is either unconnected or has no load
WARNING: [Synth 8-7129] Port DOUTA_I[9] in module blk_mem_gen_v8_4_9_blk_mem_output_block is either unconnected or has no load
WARNING: [Synth 8-7129] Port DOUTA_I[8] in module blk_mem_gen_v8_4_9_blk_mem_output_block is either unconnected or has no load
WARNING: [Synth 8-7129] Port DOUTA_I[7] in module blk_mem_gen_v8_4_9_blk_mem_output_block is either unconnected or has no load
WARNING: [Synth 8-7129] Port DOUTA_I[6] in module blk_mem_gen_v8_4_9_blk_mem_output_block is either unconnected or has no load
WARNING: [Synth 8-7129] Port DOUTA_I[5] in module blk_mem_gen_v8_4_9_blk_mem_output_block is either unconnected or has no load
WARNING: [Synth 8-7129] Port DOUTA_I[4] in module blk_mem_gen_v8_4_9_blk_mem_output_block is either unconnected or has no load
WARNING: [Synth 8-7129] Port DOUTA_I[3] in module blk_mem_gen_v8_4_9_blk_mem_output_block is either unconnected or has no load
WARNING: [Synth 8-7129] Port DOUTA_I[2] in module blk_mem_gen_v8_4_9_blk_mem_output_block is either unconnected or has no load
WARNING: [Synth 8-7129] Port DOUTA_I[1] in module blk_mem_gen_v8_4_9_blk_mem_output_block is either unconnected or has no load
WARNING: [Synth 8-7129] Port DOUTA_I[0] in module blk_mem_gen_v8_4_9_blk_mem_output_block is either unconnected or has no load
WARNING: [Synth 8-7129] Port SBITERR_I in module blk_mem_gen_v8_4_9_blk_mem_output_block is either unconnected or has no load
WARNING: [Synth 8-7129] Port DBITERR_I in module blk_mem_gen_v8_4_9_blk_mem_output_block is either unconnected or has no load
WARNING: [Synth 8-7129] Port RDADDRECC_I[11] in module blk_mem_gen_v8_4_9_blk_mem_output_block is either unconnected or has no load
WARNING: [Synth 8-7129] Port RDADDRECC_I[10] in module blk_mem_gen_v8_4_9_blk_mem_output_block is either unconnected or has no load
WARNING: [Synth 8-7129] Port RDADDRECC_I[9] in module blk_mem_gen_v8_4_9_blk_mem_output_block is either unconnected or has no load
WARNING: [Synth 8-7129] Port RDADDRECC_I[8] in module blk_mem_gen_v8_4_9_blk_mem_output_block is either unconnected or has no load
WARNING: [Synth 8-7129] Port RDADDRECC_I[7] in module blk_mem_gen_v8_4_9_blk_mem_output_block is either unconnected or has no load
WARNING: [Synth 8-7129] Port RDADDRECC_I[6] in module blk_mem_gen_v8_4_9_blk_mem_output_block is either unconnected or has no load
WARNING: [Synth 8-7129] Port RDADDRECC_I[5] in module blk_mem_gen_v8_4_9_blk_mem_output_block is either unconnected or has no load
WARNING: [Synth 8-7129] Port RDADDRECC_I[4] in module blk_mem_gen_v8_4_9_blk_mem_output_block is either unconnected or has no load
WARNING: [Synth 8-7129] Port RDADDRECC_I[3] in module blk_mem_gen_v8_4_9_blk_mem_output_block is either unconnected or has no load
WARNING: [Synth 8-7129] Port RDADDRECC_I[2] in module blk_mem_gen_v8_4_9_blk_mem_output_block is either unconnected or has no load
WARNING: [Synth 8-7129] Port RDADDRECC_I[1] in module blk_mem_gen_v8_4_9_blk_mem_output_block is either unconnected or has no load
WARNING: [Synth 8-7129] Port RDADDRECC_I[0] in module blk_mem_gen_v8_4_9_blk_mem_output_block is either unconnected or has no load
WARNING: [Synth 8-7129] Port DOUTA[8] in module blk_mem_gen_v8_4_9_blk_mem_gen_prim_wrapper__parameterized7 is either unconnected or has no load
WARNING: [Synth 8-7129] Port DOUTA[7] in module blk_mem_gen_v8_4_9_blk_mem_gen_prim_wrapper__parameterized7 is either unconnected or has no load
WARNING: [Synth 8-7129] Port DOUTA[6] in module blk_mem_gen_v8_4_9_blk_mem_gen_prim_wrapper__parameterized7 is either unconnected or has no load
WARNING: [Synth 8-7129] Port DOUTA[5] in module blk_mem_gen_v8_4_9_blk_mem_gen_prim_wrapper__parameterized7 is either unconnected or has no load
WARNING: [Synth 8-7129] Port DOUTA[4] in module blk_mem_gen_v8_4_9_blk_mem_gen_prim_wrapper__parameterized7 is either unconnected or has no load
WARNING: [Synth 8-7129] Port DOUTA[3] in module blk_mem_gen_v8_4_9_blk_mem_gen_prim_wrapper__parameterized7 is either unconnected or has no load
WARNING: [Synth 8-7129] Port DOUTA[2] in module blk_mem_gen_v8_4_9_blk_mem_gen_prim_wrapper__parameterized7 is either unconnected or has no load
WARNING: [Synth 8-7129] Port DOUTA[1] in module blk_mem_gen_v8_4_9_blk_mem_gen_prim_wrapper__parameterized7 is either unconnected or has no load
WARNING: [Synth 8-7129] Port DOUTA[0] in module blk_mem_gen_v8_4_9_blk_mem_gen_prim_wrapper__parameterized7 is either unconnected or has no load
WARNING: [Synth 8-7129] Port SBITERR in module blk_mem_gen_v8_4_9_blk_mem_gen_prim_wrapper__parameterized7 is either unconnected or has no load
WARNING: [Synth 8-7129] Port DBITERR in module blk_mem_gen_v8_4_9_blk_mem_gen_prim_wrapper__parameterized7 is either unconnected or has no load
WARNING: [Synth 8-7129] Port SSRA in module blk_mem_gen_v8_4_9_blk_mem_gen_prim_wrapper__parameterized7 is either unconnected or has no load
INFO: [Common 17-14] Message 'Synth 8-7129' appears 100 times and further instances of the messages will be disabled. Use the Tcl command set_msg_config to change the current settings.
---------------------------------------------------------------------------------
Finished RTL Elaboration : Time (s): cpu = 00:02:19 ; elapsed = 00:02:46 . Memory (MB): peak = 2390.680 ; gain = 920.840
---------------------------------------------------------------------------------
---------------------------------------------------------------------------------
Start Handling Custom Attributes
---------------------------------------------------------------------------------
---------------------------------------------------------------------------------
Finished Handling Custom Attributes : Time (s): cpu = 00:02:20 ; elapsed = 00:02:47 . Memory (MB): peak = 2390.680 ; gain = 920.840
---------------------------------------------------------------------------------
---------------------------------------------------------------------------------
Finished RTL Optimization Phase 1 : Time (s): cpu = 00:02:20 ; elapsed = 00:02:47 . Memory (MB): peak = 2390.680 ; gain = 920.840
---------------------------------------------------------------------------------
Netlist sorting complete. Time (s): cpu = 00:00:01 ; elapsed = 00:00:00.441 . Memory (MB): peak = 2390.680 ; gain = 0.000
INFO: [Netlist 29-17] Analyzing 131 Unisim elements for replacement
INFO: [Netlist 29-28] Unisim Transformation completed in 0 CPU seconds
INFO: [Project 1-570] Preparing netlist for logic optimization

Processing XDC Constraints
Initializing timing engine
Parsing XDC File [c:/TDM_0704/TDM_0704/TDM_0704.gen/sources_1/bd/design_1/ip/design_1_ila_0_0/design_1_ila_0_0_ooc.xdc] for cell 'inst'
create_clock: Time (s): cpu = 00:00:26 ; elapsed = 00:00:29 . Memory (MB): peak = 2479.445 ; gain = 3.406
Finished Parsing XDC File [c:/TDM_0704/TDM_0704/TDM_0704.gen/sources_1/bd/design_1/ip/design_1_ila_0_0/design_1_ila_0_0_ooc.xdc] for cell 'inst'
Parsing XDC File [c:/TDM_0704/TDM_0704/TDM_0704.gen/sources_1/bd/design_1/ip/design_1_ila_0_0/ila_v6_2/constraints/ila.xdc] for cell 'inst'
Finished Parsing XDC File [c:/TDM_0704/TDM_0704/TDM_0704.gen/sources_1/bd/design_1/ip/design_1_ila_0_0/ila_v6_2/constraints/ila.xdc] for cell 'inst'
INFO: [Project 1-236] Implementation specific constraints were found while reading constraint file [c:/TDM_0704/TDM_0704/TDM_0704.gen/sources_1/bd/design_1/ip/design_1_ila_0_0/ila_v6_2/constraints/ila.xdc]. These constraints will be ignored for synthesis but will be used in implementation. Impacted constraints are listed in the file [.Xil/design_1_ila_0_0_propImpl.xdc].
Resolution: To avoid this warning, move constraints listed in [.Xil/design_1_ila_0_0_propImpl.xdc] to another XDC file and exclude this new file from synthesis with the used_in_synthesis property (File Properties dialog in GUI) and re-run elaboration/synthesis.
Parsing XDC File [C:/TDM_0704/TDM_0704/TDM_0704.runs/design_1_ila_0_0_synth_1/dont_touch.xdc]
Finished Parsing XDC File [C:/TDM_0704/TDM_0704/TDM_0704.runs/design_1_ila_0_0_synth_1/dont_touch.xdc]
Completed Processing XDC Constraints

Netlist sorting complete. Time (s): cpu = 00:00:00 ; elapsed = 00:00:00.006 . Memory (MB): peak = 2479.445 ; gain = 0.000
INFO: [Project 1-111] Unisim Transformation Summary:
  A total of 97 instances were transformed.
  CFGLUT5 => CFGLUT5 (SRL16E, SRLC32E): 84 instances
  CFGLUT5 => SRLC32E: 13 instances

Constraint Validation Runtime : Time (s): cpu = 00:00:01 ; elapsed = 00:00:00.653 . Memory (MB): peak = 2479.660 ; gain = 0.215
INFO: [Designutils 20-5008] Incremental synthesis strategy off
---------------------------------------------------------------------------------
Finished Constraint Validation : Time (s): cpu = 00:03:23 ; elapsed = 00:03:56 . Memory (MB): peak = 2479.660 ; gain = 1009.820
---------------------------------------------------------------------------------
---------------------------------------------------------------------------------
Start Loading Part and Timing Information
---------------------------------------------------------------------------------
Loading part: xczu48dr-fsvg1517-2-e
INFO: [Synth 8-6742] Reading net delay rules and data
---------------------------------------------------------------------------------
Finished Loading Part and Timing Information : Time (s): cpu = 00:03:23 ; elapsed = 00:03:56 . Memory (MB): peak = 2479.660 ; gain = 1009.820
---------------------------------------------------------------------------------
---------------------------------------------------------------------------------
Start Applying 'set_property' XDC Constraints
---------------------------------------------------------------------------------
Applied set_property KEEP_HIERARCHY = SOFT for inst. (constraint file  C:/TDM_0704/TDM_0704/TDM_0704.runs/design_1_ila_0_0_synth_1/dont_touch.xdc, line 9).
---------------------------------------------------------------------------------
Finished applying 'set_property' XDC Constraints : Time (s): cpu = 00:03:23 ; elapsed = 00:03:57 . Memory (MB): peak = 2479.660 ; gain = 1009.820
---------------------------------------------------------------------------------
INFO: [Synth 8-802] inferred FSM for state register 'current_state_reg' in module 'xsdbs_v1_0_4_reg_p2s'
INFO: [Synth 8-802] inferred FSM for state register 'current_state_reg' in module 'xsdbs_v1_0_4_reg_p2s__parameterized0'
INFO: [Synth 8-802] inferred FSM for state register 'current_state_reg' in module 'xsdbs_v1_0_4_reg_p2s__parameterized1'
INFO: [Synth 8-802] inferred FSM for state register 'current_state_reg' in module 'xsdbs_v1_0_4_reg_p2s__parameterized2'
INFO: [Synth 8-802] inferred FSM for state register 'current_state_reg' in module 'xsdbs_v1_0_4_reg_p2s__parameterized3'
INFO: [Synth 8-802] inferred FSM for state register 'current_state_reg' in module 'xsdbs_v1_0_4_reg_p2s__parameterized4'
INFO: [Synth 8-802] inferred FSM for state register 'current_state_reg' in module 'xsdbs_v1_0_4_reg_p2s__parameterized5'
INFO: [Synth 8-802] inferred FSM for state register 'current_state_reg' in module 'xsdbs_v1_0_4_reg_p2s__parameterized6'
INFO: [Synth 8-802] inferred FSM for state register 'current_state_reg' in module 'xsdbs_v1_0_4_reg_p2s__parameterized7'
INFO: [Synth 8-802] inferred FSM for state register 'current_state_reg' in module 'xsdbs_v1_0_4_reg_p2s__parameterized8'
INFO: [Synth 8-802] inferred FSM for state register 'current_state_reg' in module 'xsdbs_v1_0_4_reg_p2s__parameterized9'
INFO: [Synth 8-802] inferred FSM for state register 'current_state_reg' in module 'ltlib_v1_0_2_generic_memrd'
---------------------------------------------------------------------------------------------------
                   State |                     New Encoding |                Previous Encoding 
---------------------------------------------------------------------------------------------------
*
                    IDLE |                             0001 |                             0001
                     REG |                             0010 |                             0010
                     P2S |                             0100 |                             0100
                     S2P |                             1000 |                             1000
---------------------------------------------------------------------------------------------------
INFO: [Synth 8-3898] No Re-encoding of one hot register 'current_state_reg' in module 'xsdbs_v1_0_4_reg_p2s'
---------------------------------------------------------------------------------------------------
                   State |                     New Encoding |                Previous Encoding 
---------------------------------------------------------------------------------------------------
*
                    IDLE |                             0001 |                             0001
                     REG |                             0010 |                             0010
                     P2S |                             0100 |                             0100
                     S2P |                             1000 |                             1000
---------------------------------------------------------------------------------------------------
INFO: [Synth 8-3898] No Re-encoding of one hot register 'current_state_reg' in module 'xsdbs_v1_0_4_reg_p2s__parameterized0'
---------------------------------------------------------------------------------------------------
                   State |                     New Encoding |                Previous Encoding 
---------------------------------------------------------------------------------------------------
*
                    IDLE |                             0001 |                             0001
                     REG |                             0010 |                             0010
                     P2S |                             0100 |                             0100
                     S2P |                             1000 |                             1000
---------------------------------------------------------------------------------------------------
INFO: [Synth 8-3898] No Re-encoding of one hot register 'current_state_reg' in module 'xsdbs_v1_0_4_reg_p2s__parameterized1'
---------------------------------------------------------------------------------------------------
                   State |                     New Encoding |                Previous Encoding 
---------------------------------------------------------------------------------------------------
*
                    IDLE |                             0001 |                             0001
                     REG |                             0010 |                             0010
                     P2S |                             0100 |                             0100
                     S2P |                             1000 |                             1000
---------------------------------------------------------------------------------------------------
INFO: [Synth 8-3898] No Re-encoding of one hot register 'current_state_reg' in module 'xsdbs_v1_0_4_reg_p2s__parameterized2'
---------------------------------------------------------------------------------------------------
                   State |                     New Encoding |                Previous Encoding 
---------------------------------------------------------------------------------------------------
*
                    IDLE |                             0001 |                             0001
                     REG |                             0010 |                             0010
                     P2S |                             0100 |                             0100
                     S2P |                             1000 |                             1000
---------------------------------------------------------------------------------------------------
INFO: [Synth 8-3898] No Re-encoding of one hot register 'current_state_reg' in module 'xsdbs_v1_0_4_reg_p2s__parameterized3'
---------------------------------------------------------------------------------------------------
                   State |                     New Encoding |                Previous Encoding 
---------------------------------------------------------------------------------------------------
*
                    IDLE |                             0001 |                             0001
                     REG |                             0010 |                             0010
                     P2S |                             0100 |                             0100
                     S2P |                             1000 |                             1000
---------------------------------------------------------------------------------------------------
INFO: [Synth 8-3898] No Re-encoding of one hot register 'current_state_reg' in module 'xsdbs_v1_0_4_reg_p2s__parameterized4'
---------------------------------------------------------------------------------------------------
                   State |                     New Encoding |                Previous Encoding 
---------------------------------------------------------------------------------------------------
*
                    IDLE |                             0001 |                             0001
                     REG |                             0010 |                             0010
                     P2S |                             0100 |                             0100
                     S2P |                             1000 |                             1000
---------------------------------------------------------------------------------------------------
INFO: [Synth 8-3898] No Re-encoding of one hot register 'current_state_reg' in module 'xsdbs_v1_0_4_reg_p2s__parameterized5'
---------------------------------------------------------------------------------------------------
                   State |                     New Encoding |                Previous Encoding 
---------------------------------------------------------------------------------------------------
*
                    IDLE |                             0001 |                             0001
                     REG |                             0010 |                             0010
                     P2S |                             0100 |                             0100
                     S2P |                             1000 |                             1000
---------------------------------------------------------------------------------------------------
INFO: [Synth 8-3898] No Re-encoding of one hot register 'current_state_reg' in module 'xsdbs_v1_0_4_reg_p2s__parameterized6'
---------------------------------------------------------------------------------------------------
                   State |                     New Encoding |                Previous Encoding 
---------------------------------------------------------------------------------------------------
*
                    IDLE |                             0001 |                             0001
                     REG |                             0010 |                             0010
                     P2S |                             0100 |                             0100
                     S2P |                             1000 |                             1000
---------------------------------------------------------------------------------------------------
INFO: [Synth 8-3898] No Re-encoding of one hot register 'current_state_reg' in module 'xsdbs_v1_0_4_reg_p2s__parameterized7'
---------------------------------------------------------------------------------------------------
                   State |                     New Encoding |                Previous Encoding 
---------------------------------------------------------------------------------------------------
*
                    IDLE |                             0001 |                             0001
                     REG |                             0010 |                             0010
                     P2S |                             0100 |                             0100
                     S2P |                             1000 |                             1000
---------------------------------------------------------------------------------------------------
INFO: [Synth 8-3898] No Re-encoding of one hot register 'current_state_reg' in module 'xsdbs_v1_0_4_reg_p2s__parameterized8'
---------------------------------------------------------------------------------------------------
                   State |                     New Encoding |                Previous Encoding 
---------------------------------------------------------------------------------------------------
*
                    IDLE |                             0001 |                             0001
                     REG |                             0010 |                             0010
                     P2S |                             0100 |                             0100
                     S2P |                             1000 |                             1000
---------------------------------------------------------------------------------------------------
INFO: [Synth 8-3898] No Re-encoding of one hot register 'current_state_reg' in module 'xsdbs_v1_0_4_reg_p2s__parameterized9'
---------------------------------------------------------------------------------------------------
                   State |                     New Encoding |                Previous Encoding 
---------------------------------------------------------------------------------------------------
*
              RESET_ADDR |                          0000001 |                          0000001
            REQUEST_READ |                          0000010 |                          0000010
           WAIT_READ_ACK |                          0000100 |                          0000100
             OUTPUT_DATA |                          0001000 |                          0001000
                    IDLE |                          0010000 |                          0010000
         INCREMENT_BLOCK |                          0100000 |                          0100000
       INCREMENT_ADDRESS |                          1000000 |                          1000000
---------------------------------------------------------------------------------------------------
INFO: [Synth 8-3898] No Re-encoding of one hot register 'current_state_reg' in module 'ltlib_v1_0_2_generic_memrd'
---------------------------------------------------------------------------------
Finished RTL Optimization Phase 2 : Time (s): cpu = 00:03:29 ; elapsed = 00:04:03 . Memory (MB): peak = 2479.660 ; gain = 1009.820
---------------------------------------------------------------------------------
---------------------------------------------------------------------------------
Start RTL Component Statistics 
---------------------------------------------------------------------------------
---------------------------------------------------------------------------------
Finished RTL Component Statistics 
---------------------------------------------------------------------------------
---------------------------------------------------------------------------------
Start Part Resource Summary
---------------------------------------------------------------------------------
Part Resources:
DSPs: 4272 (col length:192)
BRAMs: 2160 (col length: RAMB18 192 RAMB36 96)
---------------------------------------------------------------------------------
Finished Part Resource Summary
---------------------------------------------------------------------------------
---------------------------------------------------------------------------------
Start Cross Boundary and Area Optimization
---------------------------------------------------------------------------------
WARNING: [Synth 8-7080] Parallel synthesis criteria is not met
---------------------------------------------------------------------------------
Finished Cross Boundary and Area Optimization : Time (s): cpu = 00:04:03 ; elapsed = 00:04:40 . Memory (MB): peak = 2479.660 ; gain = 1009.820
---------------------------------------------------------------------------------
---------------------------------------------------------------------------------
Start Applying XDC Timing Constraints
---------------------------------------------------------------------------------
---------------------------------------------------------------------------------
Finished Applying XDC Timing Constraints : Time (s): cpu = 00:04:34 ; elapsed = 00:05:17 . Memory (MB): peak = 2673.066 ; gain = 1203.227
---------------------------------------------------------------------------------
---------------------------------------------------------------------------------
Start Timing Optimization
---------------------------------------------------------------------------------
---------------------------------------------------------------------------------
Finished Timing Optimization : Time (s): cpu = 00:04:35 ; elapsed = 00:05:18 . Memory (MB): peak = 2686.188 ; gain = 1216.348
---------------------------------------------------------------------------------
---------------------------------------------------------------------------------
Start Technology Mapping
---------------------------------------------------------------------------------
---------------------------------------------------------------------------------
Finished Technology Mapping : Time (s): cpu = 00:04:37 ; elapsed = 00:05:21 . Memory (MB): peak = 2707.734 ; gain = 1237.895
---------------------------------------------------------------------------------
---------------------------------------------------------------------------------
Start IO Insertion
---------------------------------------------------------------------------------
---------------------------------------------------------------------------------
Start Flattening Before IO Insertion
---------------------------------------------------------------------------------
---------------------------------------------------------------------------------
Finished Flattening Before IO Insertion
---------------------------------------------------------------------------------
---------------------------------------------------------------------------------
Start Final Netlist Cleanup
---------------------------------------------------------------------------------
---------------------------------------------------------------------------------
Finished Final Netlist Cleanup
---------------------------------------------------------------------------------
INFO: [Synth 8-3295] tying undriven pin dummy_inferred:in0 to constant 0
INFO: [Synth 8-3295] tying undriven pin inst:sl_iport0[36] to constant 0
INFO: [Synth 8-3295] tying undriven pin inst:sl_iport0[35] to constant 0
INFO: [Synth 8-3295] tying undriven pin inst:sl_iport0[34] to constant 0
INFO: [Synth 8-3295] tying undriven pin inst:sl_iport0[33] to constant 0
INFO: [Synth 8-3295] tying undriven pin inst:sl_iport0[32] to constant 0
INFO: [Synth 8-3295] tying undriven pin inst:sl_iport0[31] to constant 0
INFO: [Synth 8-3295] tying undriven pin inst:sl_iport0[30] to constant 0
INFO: [Synth 8-3295] tying undriven pin inst:sl_iport0[29] to constant 0
INFO: [Synth 8-3295] tying undriven pin inst:sl_iport0[28] to constant 0
INFO: [Synth 8-3295] tying undriven pin inst:sl_iport0[27] to constant 0
INFO: [Synth 8-3295] tying undriven pin inst:sl_iport0[26] to constant 0
INFO: [Synth 8-3295] tying undriven pin inst:sl_iport0[25] to constant 0
INFO: [Synth 8-3295] tying undriven pin inst:sl_iport0[24] to constant 0
INFO: [Synth 8-3295] tying undriven pin inst:sl_iport0[23] to constant 0
INFO: [Synth 8-3295] tying undriven pin inst:sl_iport0[22] to constant 0
INFO: [Synth 8-3295] tying undriven pin inst:sl_iport0[21] to constant 0
INFO: [Synth 8-3295] tying undriven pin inst:sl_iport0[20] to constant 0
INFO: [Synth 8-3295] tying undriven pin inst:sl_iport0[19] to constant 0
INFO: [Synth 8-3295] tying undriven pin inst:sl_iport0[18] to constant 0
INFO: [Synth 8-3295] tying undriven pin inst:sl_iport0[17] to constant 0
INFO: [Synth 8-3295] tying undriven pin inst:sl_iport0[16] to constant 0
INFO: [Synth 8-3295] tying undriven pin inst:sl_iport0[15] to constant 0
INFO: [Synth 8-3295] tying undriven pin inst:sl_iport0[14] to constant 0
INFO: [Synth 8-3295] tying undriven pin inst:sl_iport0[13] to constant 0
INFO: [Synth 8-3295] tying undriven pin inst:sl_iport0[12] to constant 0
INFO: [Synth 8-3295] tying undriven pin inst:sl_iport0[11] to constant 0
INFO: [Synth 8-3295] tying undriven pin inst:sl_iport0[10] to constant 0
INFO: [Synth 8-3295] tying undriven pin inst:sl_iport0[9] to constant 0
INFO: [Synth 8-3295] tying undriven pin inst:sl_iport0[8] to constant 0
INFO: [Synth 8-3295] tying undriven pin inst:sl_iport0[7] to constant 0
INFO: [Synth 8-3295] tying undriven pin inst:sl_iport0[6] to constant 0
INFO: [Synth 8-3295] tying undriven pin inst:sl_iport0[5] to constant 0
INFO: [Synth 8-3295] tying undriven pin inst:sl_iport0[4] to constant 0
INFO: [Synth 8-3295] tying undriven pin inst:sl_iport0[3] to constant 0
INFO: [Synth 8-3295] tying undriven pin inst:sl_iport0[2] to constant 0
INFO: [Synth 8-3295] tying undriven pin inst:sl_iport0[1] to constant 0
INFO: [Synth 8-3295] tying undriven pin inst:sl_iport0[0] to constant 0
INFO: [Synth 8-3295] tying undriven pin inst:trig_in to constant 0
INFO: [Synth 8-3295] tying undriven pin inst:trig_out_ack to constant 0
---------------------------------------------------------------------------------
Finished IO Insertion : Time (s): cpu = 00:04:47 ; elapsed = 00:05:32 . Memory (MB): peak = 2894.094 ; gain = 1424.254
---------------------------------------------------------------------------------
---------------------------------------------------------------------------------
Start Renaming Generated Instances
---------------------------------------------------------------------------------
---------------------------------------------------------------------------------
Finished Renaming Generated Instances : Time (s): cpu = 00:04:47 ; elapsed = 00:05:32 . Memory (MB): peak = 2894.094 ; gain = 1424.254
---------------------------------------------------------------------------------
---------------------------------------------------------------------------------
Start Rebuilding User Hierarchy
---------------------------------------------------------------------------------
---------------------------------------------------------------------------------
Finished Rebuilding User Hierarchy : Time (s): cpu = 00:04:48 ; elapsed = 00:05:32 . Memory (MB): peak = 2894.094 ; gain = 1424.254
---------------------------------------------------------------------------------
---------------------------------------------------------------------------------
Start Renaming Generated Ports
---------------------------------------------------------------------------------
---------------------------------------------------------------------------------
Finished Renaming Generated Ports : Time (s): cpu = 00:04:48 ; elapsed = 00:05:32 . Memory (MB): peak = 2894.094 ; gain = 1424.254
---------------------------------------------------------------------------------
---------------------------------------------------------------------------------
Start Handling Custom Attributes
---------------------------------------------------------------------------------
---------------------------------------------------------------------------------
Finished Handling Custom Attributes : Time (s): cpu = 00:04:48 ; elapsed = 00:05:33 . Memory (MB): peak = 2894.094 ; gain = 1424.254
---------------------------------------------------------------------------------
---------------------------------------------------------------------------------
Start Renaming Generated Nets
---------------------------------------------------------------------------------
---------------------------------------------------------------------------------
Finished Renaming Generated Nets : Time (s): cpu = 00:04:48 ; elapsed = 00:05:33 . Memory (MB): peak = 2894.094 ; gain = 1424.254
---------------------------------------------------------------------------------
---------------------------------------------------------------------------------
Start Writing Synthesis Report
---------------------------------------------------------------------------------

Report BlackBoxes: 
+-+--------------+----------+
| |BlackBox name |Instances |
+-+--------------+----------+
+-+--------------+----------+

Report Cell Usage: 
+------+---------+------+
|      |Cell     |Count |
+------+---------+------+
|1     |CARRY4   |    34|
|2     |CARRY8   |     4|
|3     |CFGLUT5  |    97|
|4     |LUT1     |    37|
|5     |LUT2     |   108|
|6     |LUT3     |   119|
|7     |LUT4     |   139|
|8     |LUT5     |   111|
|9     |LUT6     |   554|
|10    |MUXF7    |     4|
|11    |RAMB18E2 |     1|
|12    |RAMB36E2 |     8|
|13    |SRL16E   |    76|
|14    |SRLC16E  |     2|
|15    |SRLC32E  |    17|
|16    |FDRE     |  1745|
|17    |FDSE     |    10|
+------+---------+------+
---------------------------------------------------------------------------------
Finished Writing Synthesis Report : Time (s): cpu = 00:04:48 ; elapsed = 00:05:33 . Memory (MB): peak = 2894.094 ; gain = 1424.254
---------------------------------------------------------------------------------
Synthesis finished with 0 errors, 0 critical warnings and 3043 warnings.
Synthesis Optimization Runtime : Time (s): cpu = 00:01:47 ; elapsed = 00:04:47 . Memory (MB): peak = 2894.094 ; gain = 1335.273
Synthesis Optimization Complete : Time (s): cpu = 00:04:49 ; elapsed = 00:05:34 . Memory (MB): peak = 2894.094 ; gain = 1424.254
INFO: [Project 1-571] Translating synthesized netlist
Netlist sorting complete. Time (s): cpu = 00:00:01 ; elapsed = 00:00:00.170 . Memory (MB): peak = 2894.094 ; gain = 0.000
INFO: [Netlist 29-17] Analyzing 139 Unisim elements for replacement
INFO: [Netlist 29-28] Unisim Transformation completed in 0 CPU seconds
INFO: [Project 1-570] Preparing netlist for logic optimization
INFO: [Opt 31-138] Pushed 0 inverter(s) to 0 load pin(s).
Netlist sorting complete. Time (s): cpu = 00:00:00 ; elapsed = 00:00:00.005 . Memory (MB): peak = 2904.809 ; gain = 0.000
INFO: [Project 1-111] Unisim Transformation Summary:
  A total of 118 instances were transformed.
  (CARRY4) => CARRY8: 21 instances
  CFGLUT5 => CFGLUT5 (SRL16E, SRLC32E): 84 instances
  CFGLUT5 => SRLC32E: 13 instances

Synth Design complete | Checksum: 42b3f0d2
INFO: [Common 17-83] Releasing license: Synthesis
204 Infos, 109 Warnings, 0 Critical Warnings and 0 Errors encountered.
synth_design completed successfully
synth_design: Time (s): cpu = 00:05:34 ; elapsed = 00:06:29 . Memory (MB): peak = 2904.809 ; gain = 2378.863
Write ShapeDB Complete: Time (s): cpu = 00:00:00 ; elapsed = 00:00:00.020 . Memory (MB): peak = 2904.809 ; gain = 0.000
INFO: [Common 17-1381] The checkpoint 'C:/TDM_0704/TDM_0704/TDM_0704.runs/design_1_ila_0_0_synth_1/design_1_ila_0_0.dcp' has been generated.
INFO: [Coretcl 2-1648] Added synthesis output to IP cache for IP design_1_ila_0_0, cache-ID = eb7de6a5ffe158a2
INFO: [Coretcl 2-1174] Renamed 164 cell refs.
Write ShapeDB Complete: Time (s): cpu = 00:00:00 ; elapsed = 00:00:00.014 . Memory (MB): peak = 2904.809 ; gain = 0.000
INFO: [Common 17-1381] The checkpoint 'C:/TDM_0704/TDM_0704/TDM_0704.runs/design_1_ila_0_0_synth_1/design_1_ila_0_0.dcp' has been generated.
INFO: [Vivado 12-24828] Executing command : report_utilization -file design_1_ila_0_0_utilization_synth.rpt -pb design_1_ila_0_0_utilization_synth.pb
INFO: [Common 17-206] Exiting Vivado at Wed Jul  8 20:36:00 2026...
