

================================================================
== Synthesis Summary Report of 'lfm_tdm_gen'
================================================================
+ General Information: 
    * Date:           Tue Jul 14 22:04:19 2026
    * Version:        2024.2 (Build 5238294 on Nov  8 2024)
    * Project:        lfm_tdm_gen
    * Solution:       hls (Vivado IP Flow Target)
    * Product family: zynquplusRFSOC
    * Target device:  xczu48dr-fsvg1517-2-e
    

+ Performance & Resource Estimates: 
    
    PS: '+' for module; 'o' for loop; '*' for dataflow
    +------------------------------------+------+------+---------+-----------+----------+---------+------+----------+---------+----+----------+-----------+-----+
    |               Modules              | Issue|      | Latency |  Latency  | Iteration|         | Trip |          |         |    |          |           |     |
    |               & Loops              | Type | Slack| (cycles)|    (ns)   |  Latency | Interval| Count| Pipelined|  BRAM   | DSP|    FF    |    LUT    | URAM|
    +------------------------------------+------+------+---------+-----------+----------+---------+------+----------+---------+----+----------+-----------+-----+
    |+ lfm_tdm_gen                       |     -|  5.32|     4099|  4.099e+04|         -|     4100|     -|        no|  2 (~0%)|   -|  88 (~0%)|  366 (~0%)|    -|
    | o VITIS_LOOP_63_1_VITIS_LOOP_75_2  |     -|  7.30|     4097|  4.097e+04|         3|        1|  4096|       yes|        -|   -|         -|          -|    -|
    +------------------------------------+------+------+---------+-----------+----------+---------+------+----------+---------+----+----------+-----------+-----+


================================================================
== HW Interfaces
================================================================
* S_AXILITE Interfaces
+------------+------------+---------------+
| Interface  | Data Width | Address Width |
+------------+------------+---------------+
| s_axi_CTRL | 32         | 4             |
+------------+------------+---------------+

* S_AXILITE Registers
+------------+----------+--------+-------+--------+----------------------------------+----------------------------------------------------------------------+
| Interface  | Register | Offset | Width | Access | Description                      | Bit Fields                                                           |
+------------+----------+--------+-------+--------+----------------------------------+----------------------------------------------------------------------+
| s_axi_CTRL | CTRL     | 0x00   | 32    | RW     | Control signals                  | 0=AP_START 1=AP_DONE 2=AP_IDLE 3=AP_READY 7=AUTO_RESTART 9=INTERRUPT |
| s_axi_CTRL | GIER     | 0x04   | 32    | RW     | Global Interrupt Enable Register | 0=Enable                                                             |
| s_axi_CTRL | IP_IER   | 0x08   | 32    | RW     | IP Interrupt Enable Register     | 0=CHAN0_INT_EN 1=CHAN1_INT_EN                                        |
| s_axi_CTRL | IP_ISR   | 0x0c   | 32    | RW     | IP Interrupt Status Register     | 0=CHAN0_INT_ST 1=CHAN1_INT_ST                                        |
+------------+----------+--------+-------+--------+----------------------------------+----------------------------------------------------------------------+

* AXIS
+-----------+-----------+---------------+-------+-------+-------+--------+-------+--------+
| Interface | Direction | Register Mode | TDATA | TKEEP | TLAST | TREADY | TSTRB | TVALID |
+-----------+-----------+---------------+-------+-------+-------+--------+-------+--------+
| m_axis_tx | out       | both          | 32    | 4     | 1     | 1      | 4     | 1      |
+-----------+-----------+---------------+-------+-------+-------+--------+-------+--------+

* Other Ports
+------------------+--------+-----------+----------+
| Port             | Mode   | Direction | Bitwidth |
+------------------+--------+-----------+----------+
| dbg_chirp_count  | ap_vld | out       | 16       |
| dbg_chirp_end    | ap_vld | out       | 1        |
| dbg_chirp_start  | ap_vld | out       | 1        |
| dbg_enable       | ap_vld | out       | 1        |
| dbg_lfm_i        | ap_vld | out       | 16       |
| dbg_lfm_q        | ap_vld | out       | 16       |
| dbg_sample_count | ap_vld | out       | 16       |
| dbg_state        | ap_vld | out       | 3        |
| dbg_tx_active    | ap_vld | out       | 4        |
| dbg_tx_sel       | ap_vld | out       | 2        |
+------------------+--------+-----------+----------+

* TOP LEVEL CONTROL
+-----------+------------+-----------+
| Interface | Type       | Ports     |
+-----------+------------+-----------+
| ap_clk    | clock      | ap_clk    |
| ap_rst_n  | reset      | ap_rst_n  |
| interrupt | interrupt  | interrupt |
| ap_ctrl   | ap_ctrl_hs |           |
+-----------+------------+-----------+


================================================================
== SW I/O Information
================================================================
* Top Function Arguments
+------------------+-----------+---------------------------------------------------------+
| Argument         | Direction | Datatype                                                |
+------------------+-----------+---------------------------------------------------------+
| m_axis_tx        | out       | stream<hls::axis<ap_uint<32>, 0, 0, 0, '8', false>, 0>& |
| dbg_lfm_i        | out       | directio<ap_int<16>, 1>&                                |
| dbg_lfm_q        | out       | directio<ap_int<16>, 1>&                                |
| dbg_tx_sel       | out       | directio<ap_uint<2>, 1>&                                |
| dbg_tx_active    | out       | directio<ap_uint<4>, 1>&                                |
| dbg_chirp_count  | out       | directio<ap_uint<16>, 1>&                               |
| dbg_sample_count | out       | directio<ap_uint<16>, 1>&                               |
| dbg_chirp_start  | out       | directio<ap_uint<1>, 1>&                                |
| dbg_chirp_end    | out       | directio<ap_uint<1>, 1>&                                |
| dbg_enable       | out       | directio<ap_uint<1>, 1>&                                |
| dbg_state        | out       | directio<ap_uint<3>, 1>&                                |
+------------------+-----------+---------------------------------------------------------+

* SW-to-HW Mapping
+------------------+-------------------------+-----------+
| Argument         | HW Interface            | HW Type   |
+------------------+-------------------------+-----------+
| m_axis_tx        | m_axis_tx               | interface |
| dbg_lfm_i        | dbg_lfm_i               | port      |
| dbg_lfm_i        | dbg_lfm_i_ap_vld        | port      |
| dbg_lfm_q        | dbg_lfm_q               | port      |
| dbg_lfm_q        | dbg_lfm_q_ap_vld        | port      |
| dbg_tx_sel       | dbg_tx_sel              | port      |
| dbg_tx_sel       | dbg_tx_sel_ap_vld       | port      |
| dbg_tx_active    | dbg_tx_active           | port      |
| dbg_tx_active    | dbg_tx_active_ap_vld    | port      |
| dbg_chirp_count  | dbg_chirp_count         | port      |
| dbg_chirp_count  | dbg_chirp_count_ap_vld  | port      |
| dbg_sample_count | dbg_sample_count        | port      |
| dbg_sample_count | dbg_sample_count_ap_vld | port      |
| dbg_chirp_start  | dbg_chirp_start         | port      |
| dbg_chirp_start  | dbg_chirp_start_ap_vld  | port      |
| dbg_chirp_end    | dbg_chirp_end           | port      |
| dbg_chirp_end    | dbg_chirp_end_ap_vld    | port      |
| dbg_enable       | dbg_enable              | port      |
| dbg_enable       | dbg_enable_ap_vld       | port      |
| dbg_state        | dbg_state               | port      |
| dbg_state        | dbg_state_ap_vld        | port      |
+------------------+-------------------------+-----------+


================================================================
== Bind Op Report
================================================================
+-----------------------------------+-----+--------+--------------+--------+----------+---------+
| Name                              | DSP | Pragma | Variable     | Op     | Impl     | Latency |
+-----------------------------------+-----+--------+--------------+--------+----------+---------+
| + lfm_tdm_gen                     | 0   |        |              |        |          |         |
|   select_ln63_fu_286_p3           |     |        | select_ln63  | select | auto_sel | 0       |
|   chirp_2_fu_355_p3               |     |        | chirp_2      | select | auto_sel | 0       |
|   first_iter_0_fu_294_p2          |     |        | first_iter_0 | seteq  | auto     | 0       |
|   bitset_4ns_4ns_32ns_1s_4_1_1_U1 |     |        | tx_active    | bitset | auto     | 0       |
|   cmp11_fu_383_p2                 |     |        | cmp11        | seteq  | auto     | 0       |
|   icmp_ln95_fu_305_p2             |     |        | icmp_ln95    | seteq  | auto     | 0       |
|   m_axis_tx_TLAST_int_regslice    |     |        | tx_word_last | and    | auto     | 0       |
|   sample_fu_315_p2                |     |        | sample       | add    | fabric   | 0       |
|   add_ln63_fu_321_p2              |     |        | add_ln63     | add    | fabric   | 0       |
|   icmp_ln75_fu_327_p2             |     |        | icmp_ln75    | seteq  | auto     | 0       |
|   chirp_fu_429_p2                 |     |        | chirp        | add    | fabric   | 0       |
|   icmp_ln63_fu_333_p2             |     |        | icmp_ln63    | seteq  | auto     | 0       |
+-----------------------------------+-----+--------+--------------+--------+----------+---------+


================================================================
== Storage Report
================================================================
+----------------+-----------+-----------+------+------+--------+------------+------+---------+------------------+
| Name           | Usage     | Type      | BRAM | URAM | Pragma | Variable   | Impl | Latency | Bitwidth, Depth, |
|                |           |           |      |      |        |            |      |         | Banks            |
+----------------+-----------+-----------+------+------+--------+------------+------+---------+------------------+
| + lfm_tdm_gen  |           |           | 2    | 0    |        |            |      |         |                  |
|   CTRL_s_axi_U | interface | s_axilite |      |      |        |            |      |         |                  |
|   LFM_IQ_LUT_U | rom_1p    |           | 2    |      |        | LFM_IQ_LUT | auto | 1       | 31, 1024, 1      |
+----------------+-----------+-----------+------+------+--------+------------+------+---------+------------------+


================================================================
== Pragma Report
================================================================
* Valid Pragma Syntax
+-----------+-----------------------------------+----------------------------------------------+
| Type      | Options                           | Location                                     |
+-----------+-----------------------------------+----------------------------------------------+
| inline    |                                   | lfm_tdm_gen.cpp:32 in pack_iq                |
| interface | axis port=m_axis_tx               | lfm_tdm_gen.cpp:56 in lfm_tdm_gen, m_axis_tx |
| interface | s_axilite port=return bundle=CTRL | lfm_tdm_gen.cpp:57 in lfm_tdm_gen, return    |
| pipeline  | II=1                              | lfm_tdm_gen.cpp:76 in lfm_tdm_gen            |
+-----------+-----------------------------------+----------------------------------------------+


